#
# There is insufficient memory for the Java Runtime Environment to continue.
# Native memory allocation (malloc) failed to allocate 1048576 bytes. Error detail: AllocateHeap
# Possible reasons:
#   The system is out of physical RAM or swap space
#   This process is running with CompressedOops enabled, and the Java Heap may be blocking the growth of the native heap
# Possible solutions:
#   Reduce memory load on the system
#   Increase physical memory or swap space
#   Check if swap backing store is full
#   Decrease Java heap size (-Xmx/-Xms)
#   Decrease number of Java threads
#   Decrease Java thread stack sizes (-Xss)
#   Set larger code cache with -XX:ReservedCodeCacheSize=
#   JVM is running with Unscaled Compressed Oops mode in which the Java heap is
#     placed in the first 4GB address space. The Java Heap base address is the
#     maximum limit for the native heap growth. Please use -XX:HeapBaseMinAddress
#     to set the Java Heap base and to place the Java Heap above 4GB virtual address.
# This output file may be truncated or incomplete.
#
#  Out of Memory Error (allocation.cpp:44), pid=20852, tid=21084
#
# JRE version: OpenJDK Runtime Environment Temurin-21.0.9+10 (21.0.9+10) (build 21.0.9+10-LTS)
# Java VM: OpenJDK 64-Bit Server VM Temurin-21.0.9+10 (21.0.9+10-LTS, mixed mode, sharing, tiered, compressed oops, compressed class ptrs, parallel gc, windows-amd64)
# No core dump will be written. Minidumps are not enabled by default on client versions of Windows
#

---------------  S U M M A R Y ------------

Command Line: --add-modules=ALL-SYSTEM --add-opens=java.base/java.util=ALL-UNNAMED --add-opens=java.base/java.lang=ALL-UNNAMED --add-opens=java.base/sun.nio.fs=ALL-UNNAMED -Declipse.application=org.eclipse.jdt.ls.core.id1 -Dosgi.bundles.defaultStartLevel=4 -Declipse.product=org.eclipse.jdt.ls.core.product -Djava.import.generatesMetadataFilesAtProjectRoot=false -DDetectVMInstallationsJob.disabled=true -Dfile.encoding=utf8 -XX:+UseParallelGC -XX:GCTimeRatio=4 -XX:AdaptiveSizePolicyWeight=90 -Dsun.zip.disableMemoryMapping=true -Xmx2G -Xms100m -Xlog:disable -javaagent:c:\Users\nisha\.vscode\extensions\redhat.java-1.51.0-win32-x64\lombok\lombok-1.18.39-4050.jar -XX:+HeapDumpOnOutOfMemoryError -XX:HeapDumpPath=c:\Users\nisha\AppData\Roaming\Code\User\workspaceStorage\29b588d7d2db7f92f777d4651a016ce0\redhat.java -Daether.dependencyCollector.impl=bf c:\Users\nisha\.vscode\extensions\redhat.java-1.51.0-win32-x64\server\plugins\org.eclipse.equinox.launcher_1.7.100.v20251111-0406.jar -configuration c:\Users\nisha\AppData\Roaming\Code\User\globalStorage\redhat.java\1.51.0\config_win -data c:\Users\nisha\AppData\Roaming\Code\User\workspaceStorage\29b588d7d2db7f92f777d4651a016ce0\redhat.java\jdt_ws --pipe=\\.\pipe\lsp-ba4c57fcd53519155b69641fbcba72d1-sock

Host: 12th Gen Intel(R) Core(TM) i5-12450H, 12 cores, 15G,  Windows 11 , 64 bit Build 26100 (10.0.26100.7309)
Time: Thu Jan 15 23:30:00 2026 India Standard Time elapsed time: 3301.492616 seconds (0d 0h 55m 1s)

---------------  T H R E A D  ---------------

Current thread (0x0000013d1bbcb250):  JavaThread "Attach Listener" daemon [_thread_in_vm, id=21084, stack(0x0000002c26100000,0x0000002c26200000) (1024K)]

Stack: [0x0000002c26100000,0x0000002c26200000]
Native frames: (J=compiled Java code, j=interpreted, Vv=VM code, C=native code)
V  [jvm.dll+0x6d6e29]
V  [jvm.dll+0x8b4b76]
V  [jvm.dll+0x8b712e]
V  [jvm.dll+0x8b7813]
V  [jvm.dll+0x283d86]
V  [jvm.dll+0xc1277]
V  [jvm.dll+0x6d76d9]
V  [jvm.dll+0x133466]
V  [jvm.dll+0x3f7ea6]
V  [jvm.dll+0x85e9ad]
V  [jvm.dll+0x6d565d]
C  [ucrtbase.dll+0x37b0]
C  [KERNEL32.DLL+0x2e8d7]
C  [ntdll.dll+0x8c53c]


---------------  P R O C E S S  ---------------

Threads class SMR info:
_java_thread_list=0x0000013d2205e6f0, length=39, elements={
0x0000013cc21dcf00, 0x0000013cd8c8e2a0, 0x0000013d1bbc01e0, 0x0000013d1bbca600,
0x0000013d1bbcb250, 0x0000013d1bbcddb0, 0x0000013d1bbce8a0, 0x0000013d1bbe6990,
0x0000013d1bbe84e0, 0x0000013d1bdb5000, 0x0000013d1bf17b90, 0x0000013d20bc84d0,
0x0000013d20bc6a90, 0x0000013d20bc8b60, 0x0000013d20bc91f0, 0x0000013d20bc7120,
0x0000013d20bc9880, 0x0000013d20bc7e40, 0x0000013d20cef080, 0x0000013d20ced640,
0x0000013d20cee9f0, 0x0000013d20cefda0, 0x0000013d20cec920, 0x0000013d20cf2500,
0x0000013d20cf17e0, 0x0000013d20cf0ac0, 0x0000013d20cf3220, 0x0000013d20cf1e70,
0x0000013d20cf2b90, 0x0000013d20cf38b0, 0x0000013d20cf1150, 0x0000013d20cf0430,
0x0000013d233364d0, 0x0000013d23336b60, 0x0000013d23335120, 0x0000013d233357b0,
0x0000013d24e529a0, 0x0000013d233371f0, 0x0000013d23334a90
}

Java Threads: ( => current thread )
  0x0000013cc21dcf00 JavaThread "main"                              [_thread_blocked, id=20932, stack(0x0000002c25a00000,0x0000002c25b00000) (1024K)]
  0x0000013cd8c8e2a0 JavaThread "Reference Handler"          daemon [_thread_blocked, id=19564, stack(0x0000002c25e00000,0x0000002c25f00000) (1024K)]
  0x0000013d1bbc01e0 JavaThread "Finalizer"                  daemon [_thread_blocked, id=10940, stack(0x0000002c25f00000,0x0000002c26000000) (1024K)]
  0x0000013d1bbca600 JavaThread "Signal Dispatcher"          daemon [_thread_blocked, id=21080, stack(0x0000002c26000000,0x0000002c26100000) (1024K)]
=>0x0000013d1bbcb250 JavaThread "Attach Listener"            daemon [_thread_in_vm, id=21084, stack(0x0000002c26100000,0x0000002c26200000) (1024K)]
  0x0000013d1bbcddb0 JavaThread "Service Thread"             daemon [_thread_blocked, id=21124, stack(0x0000002c26200000,0x0000002c26300000) (1024K)]
  0x0000013d1bbce8a0 JavaThread "Monitor Deflation Thread"   daemon [_thread_blocked, id=21156, stack(0x0000002c26300000,0x0000002c26400000) (1024K)]
  0x0000013d1bbe6990 JavaThread "C2 CompilerThread0"         daemon [_thread_blocked, id=21152, stack(0x0000002c26400000,0x0000002c26500000) (1024K)]
  0x0000013d1bbe84e0 JavaThread "C1 CompilerThread0"         daemon [_thread_blocked, id=21168, stack(0x0000002c26500000,0x0000002c26600000) (1024K)]
  0x0000013d1bdb5000 JavaThread "Common-Cleaner"             daemon [_thread_blocked, id=21192, stack(0x0000002c26600000,0x0000002c26700000) (1024K)]
  0x0000013d1bf17b90 JavaThread "Notification Thread"        daemon [_thread_blocked, id=21104, stack(0x0000002c26800000,0x0000002c26900000) (1024K)]
  0x0000013d20bc84d0 JavaThread "Active Thread: Equinox Container: bf65c05d-39e8-4afa-8166-a2e81fe3907f"        [_thread_blocked, id=21264, stack(0x0000002c27600000,0x0000002c27700000) (1024K)]
  0x0000013d20bc6a90 JavaThread "Framework Event Dispatcher: Equinox Container: bf65c05d-39e8-4afa-8166-a2e81fe3907f" daemon [_thread_blocked, id=20644, stack(0x0000002c26700000,0x0000002c26800000) (1024K)]
  0x0000013d20bc8b60 JavaThread "Start Level: Equinox Container: bf65c05d-39e8-4afa-8166-a2e81fe3907f" daemon [_thread_blocked, id=20484, stack(0x0000002c26900000,0x0000002c26a00000) (1024K)]
  0x0000013d20bc91f0 JavaThread "Bundle File Closer"         daemon [_thread_blocked, id=20796, stack(0x0000002c27300000,0x0000002c27400000) (1024K)]
  0x0000013d20bc7120 JavaThread "Refresh Thread: Equinox Container: bf65c05d-39e8-4afa-8166-a2e81fe3907f" daemon [_thread_blocked, id=20720, stack(0x0000002c27400000,0x0000002c27500000) (1024K)]
  0x0000013d20bc9880 JavaThread "SCR Component Actor"        daemon [_thread_blocked, id=17188, stack(0x0000002c27000000,0x0000002c27100000) (1024K)]
  0x0000013d20bc7e40 JavaThread "Worker-JM"                         [_thread_blocked, id=20576, stack(0x0000002c27500000,0x0000002c27600000) (1024K)]
  0x0000013d20cef080 JavaThread "JNA Cleaner"                daemon [_thread_blocked, id=19052, stack(0x0000002c27700000,0x0000002c27800000) (1024K)]
  0x0000013d20ced640 JavaThread "Java indexing"              daemon [_thread_blocked, id=21488, stack(0x0000002c27b00000,0x0000002c27c00000) (1024K)]
  0x0000013d20cee9f0 JavaThread "Thread-1"                   daemon [_thread_in_native, id=19048, stack(0x0000002c28100000,0x0000002c28200000) (1024K)]
  0x0000013d20cefda0 JavaThread "Thread-2"                   daemon [_thread_in_native, id=20564, stack(0x0000002c28400000,0x0000002c28500000) (1024K)]
  0x0000013d20cec920 JavaThread "Thread-3"                   daemon [_thread_in_native, id=21220, stack(0x0000002c28500000,0x0000002c28600000) (1024K)]
  0x0000013d20cf2500 JavaThread "Thread-4"                   daemon [_thread_in_native, id=21120, stack(0x0000002c28600000,0x0000002c28700000) (1024K)]
  0x0000013d20cf17e0 JavaThread "Thread-5"                   daemon [_thread_in_native, id=21312, stack(0x0000002c28700000,0x0000002c28800000) (1024K)]
  0x0000013d20cf0ac0 JavaThread "Thread-6"                   daemon [_thread_in_native, id=15096, stack(0x0000002c28800000,0x0000002c28900000) (1024K)]
  0x0000013d20cf3220 JavaThread "Thread-7"                   daemon [_thread_in_native, id=20744, stack(0x0000002c28900000,0x0000002c28a00000) (1024K)]
  0x0000013d20cf1e70 JavaThread "Thread-8"                   daemon [_thread_in_native, id=16796, stack(0x0000002c28a00000,0x0000002c28b00000) (1024K)]
  0x0000013d20cf2b90 JavaThread "Thread-9"                   daemon [_thread_in_native, id=17476, stack(0x0000002c28b00000,0x0000002c28c00000) (1024K)]
  0x0000013d20cf38b0 JavaThread "Thread-10"                  daemon [_thread_in_native, id=11912, stack(0x0000002c28c00000,0x0000002c28d00000) (1024K)]
  0x0000013d20cf1150 JavaThread "Thread-11"                  daemon [_thread_in_native, id=19668, stack(0x0000002c28d00000,0x0000002c28e00000) (1024K)]
  0x0000013d20cf0430 JavaThread "Thread-12"                  daemon [_thread_in_native, id=9220, stack(0x0000002c28e00000,0x0000002c28f00000) (1024K)]
  0x0000013d233364d0 JavaThread "Thread-13"                  daemon [_thread_in_native, id=21316, stack(0x0000002c28f00000,0x0000002c29000000) (1024K)]
  0x0000013d23336b60 JavaThread "pool-2-thread-1"                   [_thread_blocked, id=21292, stack(0x0000002c29000000,0x0000002c29100000) (1024K)]
  0x0000013d23335120 JavaThread "WorkspaceEventsHandler"            [_thread_blocked, id=21276, stack(0x0000002c29100000,0x0000002c29200000) (1024K)]
  0x0000013d233357b0 JavaThread "pool-1-thread-1"                   [_thread_blocked, id=21308, stack(0x0000002c29200000,0x0000002c29300000) (1024K)]
  0x0000013d24e529a0 JavaThread "Cleaner-0"                  daemon [_thread_blocked, id=4724, stack(0x0000002c25900000,0x0000002c25a00000) (1024K)]
  0x0000013d233371f0 JavaThread "Worker-13"                         [_thread_blocked, id=1528, stack(0x0000002c25700000,0x0000002c25800000) (1024K)]
  0x0000013d23334a90 JavaThread "Worker-14"                         [_thread_blocked, id=17060, stack(0x0000002c25800000,0x0000002c25900000) (1024K)]
Total: 39

Other Threads:
  0x0000013cc229eb80 VMThread "VM Thread"                           [id=20756, stack(0x0000002c25d00000,0x0000002c25e00000) (1024K)]
  0x0000013cd8b6ca00 WatcherThread "VM Periodic Task Thread"        [id=20940, stack(0x0000002c25c00000,0x0000002c25d00000) (1024K)]
  0x0000013cc21fc730 WorkerThread "GC Thread#0"                     [id=20948, stack(0x0000002c25b00000,0x0000002c25c00000) (1024K)]
  0x0000013d20296e30 WorkerThread "GC Thread#1"                     [id=21116, stack(0x0000002c26a00000,0x0000002c26b00000) (1024K)]
  0x0000013d2029a2f0 WorkerThread "GC Thread#2"                     [id=21068, stack(0x0000002c26b00000,0x0000002c26c00000) (1024K)]
  0x0000013d205d8b30 WorkerThread "GC Thread#3"                     [id=21096, stack(0x0000002c26c00000,0x0000002c26d00000) (1024K)]
  0x0000013d205d8ed0 WorkerThread "GC Thread#4"                     [id=21088, stack(0x0000002c26d00000,0x0000002c26e00000) (1024K)]
  0x0000013d205d9270 WorkerThread "GC Thread#5"                     [id=21100, stack(0x0000002c26e00000,0x0000002c26f00000) (1024K)]
  0x0000013d20378ba0 WorkerThread "GC Thread#6"                     [id=21244, stack(0x0000002c26f00000,0x0000002c27000000) (1024K)]
  0x0000013d204e0bd0 WorkerThread "GC Thread#7"                     [id=19532, stack(0x0000002c27100000,0x0000002c27200000) (1024K)]
  0x0000013d2097ca60 WorkerThread "GC Thread#8"                     [id=20888, stack(0x0000002c28200000,0x0000002c28300000) (1024K)]
  0x0000013d2097d540 WorkerThread "GC Thread#9"                     [id=20892, stack(0x0000002c28300000,0x0000002c28400000) (1024K)]
Total: 12

Threads with active compile tasks:
Total: 0

VM state: not at safepoint (normal execution)

VM Mutex/Monitor currently owned by a thread: None

Heap address: 0x0000000080000000, size: 2048 MB, Compressed Oops mode: 32-bit

CDS archive(s) mapped at: [0x0000013cd9000000-0x0000013cd9ba0000-0x0000013cd9ba0000), size 12189696, SharedBaseAddress: 0x0000013cd9000000, ArchiveRelocationMode: 1.
Compressed class space mapped at: 0x0000013cda000000-0x0000013d1a000000, reserved size: 1073741824
Narrow klass base: 0x0000013cd9000000, Narrow klass shift: 0, Narrow klass range: 0x100000000

GC Precious Log:
 CardTable entry size: 512
 CPUs: 12 total, 12 available
 Memory: 16076M
 Large Page Support: Disabled
 NUMA Support: Disabled
 Compressed Oops: Enabled (32-bit)
 Alignments: Space 512K, Generation 512K, Heap 2M
 Heap Min Capacity: 100M
 Heap Initial Capacity: 100M
 Heap Max Capacity: 2G
 Pre-touch: Disabled
 Parallel Workers: 10

Heap:
 PSYoungGen      total 3584K, used 1708K [0x00000000d5580000, 0x00000000d5a00000, 0x0000000100000000)
  eden space 3072K, 45% used [0x00000000d5580000,0x00000000d56db300,0x00000000d5880000)
  from space 512K, 62% used [0x00000000d5900000,0x00000000d5950000,0x00000000d5980000)
  to   space 512K, 0% used [0x00000000d5980000,0x00000000d5980000,0x00000000d5a00000)
 ParOldGen       total 1092096K, used 310802K [0x0000000080000000, 0x00000000c2a80000, 0x00000000d5580000)
  object space 1092096K, 28% used [0x0000000080000000,0x0000000092f84860,0x00000000c2a80000)
 Metaspace       used 87329K, committed 89152K, reserved 1179648K
  class space    used 9135K, committed 10112K, reserved 1048576K

Card table byte_map: [0x0000013cc1b80000,0x0000013cc1f90000] _byte_map_base: 0x0000013cc1780000

Marking Bits: (ParMarkBitMap*) 0x00007ffdacce2460
 Begin Bits: [0x0000013cd4690000, 0x0000013cd6690000)
 End Bits:   [0x0000013cd6690000, 0x0000013cd8690000)

Polling page: 0x0000013cbfe60000

Metaspace:

Usage:
  Non-class:     76.36 MB used.
      Class:      8.92 MB used.
       Both:     85.28 MB used.

Virtual space:
  Non-class space:      128.00 MB reserved,      77.19 MB ( 60%) committed,  2 nodes.
      Class space:        1.00 GB reserved,       9.88 MB ( <1%) committed,  1 nodes.
             Both:        1.12 GB reserved,      87.06 MB (  8%) committed. 

Chunk freelists:
   Non-Class:  2.61 MB
       Class:  6.25 MB
        Both:  8.86 MB

MaxMetaspaceSize: unlimited
CompressedClassSpaceSize: 1.00 GB
Initial GC threshold: 21.00 MB
Current GC threshold: 143.88 MB
CDS: on
 - commit_granule_bytes: 65536.
 - commit_granule_words: 8192.
 - virtual_space_node_default_size: 8388608.
 - enlarge_chunks_in_place: 1.
 - use_allocation_guard: 0.


Internal statistics:

num_allocs_failed_limit: 11.
num_arena_births: 1484.
num_arena_deaths: 298.
num_vsnodes_births: 3.
num_vsnodes_deaths: 0.
num_space_committed: 1399.
num_space_uncommitted: 5.
num_chunks_returned_to_freelist: 409.
num_chunks_taken_from_freelist: 5674.
num_chunk_merges: 105.
num_chunk_splits: 3388.
num_chunks_enlarged: 1958.
num_inconsistent_stats: 0.

CodeHeap 'non-profiled nmethods': size=120000Kb used=16606Kb max_used=16606Kb free=103393Kb
 bounds [0x0000013ccceb0000, 0x0000013ccdef0000, 0x0000013cd43e0000]
CodeHeap 'profiled nmethods': size=120000Kb used=39450Kb max_used=39450Kb free=80549Kb
 bounds [0x0000013cc53e0000, 0x0000013cc7a70000, 0x0000013ccc910000]
CodeHeap 'non-nmethods': size=5760Kb used=1514Kb max_used=1615Kb free=4245Kb
 bounds [0x0000013ccc910000, 0x0000013cccb80000, 0x0000013ccceb0000]
CodeCache: size=245760Kb, used=57570Kb, max_used=57671Kb, free=188187Kb
 total_blobs=17602, nmethods=16768, adapters=737, full_count=0
Compilation: enabled, stopped_count=0, restarted_count=0

Compilation events (20 events):
Event: 3226.360 Thread 0x0000013d1bbe84e0 nmethod 18751 0x0000013cc7a60810 code [0x0000013cc7a60a60, 0x0000013cc7a61588]
Event: 3226.360 Thread 0x0000013d1bbe84e0 18752       3       org.eclipse.core.internal.resources.MarkerManager::snap (11 bytes)
Event: 3226.360 Thread 0x0000013d1bbe84e0 nmethod 18752 0x0000013cc7a61910 code [0x0000013cc7a61ac0, 0x0000013cc7a61c18]
Event: 3226.360 Thread 0x0000013d1bbe84e0 18753       3       org.eclipse.core.internal.resources.MarkerWriter::snap (153 bytes)
Event: 3226.363 Thread 0x0000013d1bbe84e0 nmethod 18753 0x0000013cc7a61d10 code [0x0000013cc7a62100, 0x0000013cc7a63ef8]
Event: 3226.363 Thread 0x0000013d1bbe84e0 18754   !   3       org.eclipse.core.internal.resources.SaveManager::lambda$11 (132 bytes)
Event: 3226.364 Thread 0x0000013d1bbe84e0 nmethod 18754 0x0000013cc7a64a90 code [0x0000013cc7a64cc0, 0x0000013cc7a65490]
Event: 3226.364 Thread 0x0000013d1bbe84e0 18755       3       org.eclipse.core.internal.resources.Synchronizer::snapSyncInfo (11 bytes)
Event: 3226.364 Thread 0x0000013d1bbe84e0 nmethod 18755 0x0000013cc7a65a10 code [0x0000013cc7a65bc0, 0x0000013cc7a65d18]
Event: 3226.364 Thread 0x0000013d1bbe84e0 18756       3       org.eclipse.core.internal.resources.SyncInfoWriter::snapSyncInfo (157 bytes)
Event: 3226.367 Thread 0x0000013d1bbe84e0 nmethod 18756 0x0000013cc7a65e10 code [0x0000013cc7a66300, 0x0000013cc7a68dc8]
Event: 3226.378 Thread 0x0000013d1bbe6990 nmethod 18748 0x0000013ccdee1a90 code [0x0000013ccdee1de0, 0x0000013ccdee36a8]
Event: 3226.378 Thread 0x0000013d1bbe6990 18749       4       org.eclipse.jdt.internal.core.JavaModelManager$VariablesAndContainersSaveHelper::saveNewId (40 bytes)
Event: 3226.404 Thread 0x0000013d1bbe6990 nmethod 18749 0x0000013ccdee4790 code [0x0000013ccdee4b60, 0x0000013ccdee64f0]
Event: 3226.484 Thread 0x0000013d1bbe84e0 18757       3       org.eclipse.core.internal.events.ResourceDeltaFactory::computeDelta (203 bytes)
Event: 3226.486 Thread 0x0000013d1bbe84e0 nmethod 18757 0x0000013cc7a69c10 code [0x0000013cc7a69f20, 0x0000013cc7a6ac30]
Event: 3226.486 Thread 0x0000013d1bbe84e0 18758       3       org.eclipse.core.internal.dtree.DeltaDataTree::asReverseComparisonTree (115 bytes)
Event: 3226.486 Thread 0x0000013d1bbe84e0 nmethod 18758 0x0000013cc7a6b390 code [0x0000013cc7a6b5a0, 0x0000013cc7a6bed0]
Event: 3226.486 Thread 0x0000013d1bbe84e0 18759       3       org.eclipse.core.internal.events.ResourceDeltaInfo::<init> (20 bytes)
Event: 3226.487 Thread 0x0000013d1bbe84e0 nmethod 18759 0x0000013cc7a6c190 code [0x0000013cc7a6c340, 0x0000013cc7a6c4e8]

GC Heap History (20 events):
Event: 2980.396 GC heap before
{Heap before GC invocations=1158 (full 4):
 PSYoungGen      total 4096K, used 3455K [0x00000000d5580000, 0x00000000d5a00000, 0x0000000100000000)
  eden space 3072K, 99% used [0x00000000d5580000,0x00000000d587fff8,0x00000000d5880000)
  from space 1024K, 37% used [0x00000000d5880000,0x00000000d58e0000,0x00000000d5980000)
  to   space 512K, 0% used [0x00000000d5980000,0x00000000d5980000,0x00000000d5a00000)
 ParOldGen       total 1092096K, used 308511K [0x0000000080000000, 0x00000000c2a80000, 0x00000000d5580000)
  object space 1092096K, 28% used [0x0000000080000000,0x0000000092d47d08,0x00000000c2a80000)
 Metaspace       used 87020K, committed 88832K, reserved 1179648K
  class space    used 9113K, committed 10112K, reserved 1048576K
}
Event: 2980.398 GC heap after
{Heap after GC invocations=1158 (full 4):
 PSYoungGen      total 3584K, used 448K [0x00000000d5580000, 0x00000000d5a00000, 0x0000000100000000)
  eden space 3072K, 0% used [0x00000000d5580000,0x00000000d5580000,0x00000000d5880000)
  from space 512K, 87% used [0x00000000d5980000,0x00000000d59f0000,0x00000000d5a00000)
  to   space 512K, 0% used [0x00000000d5900000,0x00000000d5900000,0x00000000d5980000)
 ParOldGen       total 1092096K, used 308663K [0x0000000080000000, 0x00000000c2a80000, 0x00000000d5580000)
  object space 1092096K, 28% used [0x0000000080000000,0x0000000092d6dd08,0x00000000c2a80000)
 Metaspace       used 87020K, committed 88832K, reserved 1179648K
  class space    used 9113K, committed 10112K, reserved 1048576K
}
Event: 2980.414 GC heap before
{Heap before GC invocations=1159 (full 4):
 PSYoungGen      total 3584K, used 3520K [0x00000000d5580000, 0x00000000d5a00000, 0x0000000100000000)
  eden space 3072K, 100% used [0x00000000d5580000,0x00000000d5880000,0x00000000d5880000)
  from space 512K, 87% used [0x00000000d5980000,0x00000000d59f0000,0x00000000d5a00000)
  to   space 512K, 0% used [0x00000000d5900000,0x00000000d5900000,0x00000000d5980000)
 ParOldGen       total 1092096K, used 308663K [0x0000000080000000, 0x00000000c2a80000, 0x00000000d5580000)
  object space 1092096K, 28% used [0x0000000080000000,0x0000000092d6dd08,0x00000000c2a80000)
 Metaspace       used 87021K, committed 88832K, reserved 1179648K
  class space    used 9113K, committed 10112K, reserved 1048576K
}
Event: 2980.415 GC heap after
{Heap after GC invocations=1159 (full 4):
 PSYoungGen      total 3584K, used 224K [0x00000000d5580000, 0x00000000d5a00000, 0x0000000100000000)
  eden space 3072K, 0% used [0x00000000d5580000,0x00000000d5580000,0x00000000d5880000)
  from space 512K, 43% used [0x00000000d5900000,0x00000000d5938000,0x00000000d5980000)
  to   space 512K, 0% used [0x00000000d5980000,0x00000000d5980000,0x00000000d5a00000)
 ParOldGen       total 1092096K, used 308919K [0x0000000080000000, 0x00000000c2a80000, 0x00000000d5580000)
  object space 1092096K, 28% used [0x0000000080000000,0x0000000092dadd08,0x00000000c2a80000)
 Metaspace       used 87021K, committed 88832K, reserved 1179648K
  class space    used 9113K, committed 10112K, reserved 1048576K
}
Event: 2980.424 GC heap before
{Heap before GC invocations=1160 (full 4):
 PSYoungGen      total 3584K, used 3295K [0x00000000d5580000, 0x00000000d5a00000, 0x0000000100000000)
  eden space 3072K, 99% used [0x00000000d5580000,0x00000000d587fff8,0x00000000d5880000)
  from space 512K, 43% used [0x00000000d5900000,0x00000000d5938000,0x00000000d5980000)
  to   space 512K, 0% used [0x00000000d5980000,0x00000000d5980000,0x00000000d5a00000)
 ParOldGen       total 1092096K, used 308919K [0x0000000080000000, 0x00000000c2a80000, 0x00000000d5580000)
  object space 1092096K, 28% used [0x0000000080000000,0x0000000092dadd08,0x00000000c2a80000)
 Metaspace       used 87021K, committed 88832K, reserved 1179648K
  class space    used 9113K, committed 10112K, reserved 1048576K
}
Event: 2980.425 GC heap after
{Heap after GC invocations=1160 (full 4):
 PSYoungGen      total 3584K, used 224K [0x00000000d5580000, 0x00000000d5a00000, 0x0000000100000000)
  eden space 3072K, 0% used [0x00000000d5580000,0x00000000d5580000,0x00000000d5880000)
  from space 512K, 43% used [0x00000000d5980000,0x00000000d59b8000,0x00000000d5a00000)
  to   space 512K, 0% used [0x00000000d5900000,0x00000000d5900000,0x00000000d5980000)
 ParOldGen       total 1092096K, used 309095K [0x0000000080000000, 0x00000000c2a80000, 0x00000000d5580000)
  object space 1092096K, 28% used [0x0000000080000000,0x0000000092dd9d08,0x00000000c2a80000)
 Metaspace       used 87021K, committed 88832K, reserved 1179648K
  class space    used 9113K, committed 10112K, reserved 1048576K
}
Event: 2980.432 GC heap before
{Heap before GC invocations=1161 (full 4):
 PSYoungGen      total 3584K, used 3296K [0x00000000d5580000, 0x00000000d5a00000, 0x0000000100000000)
  eden space 3072K, 100% used [0x00000000d5580000,0x00000000d5880000,0x00000000d5880000)
  from space 512K, 43% used [0x00000000d5980000,0x00000000d59b8000,0x00000000d5a00000)
  to   space 512K, 0% used [0x00000000d5900000,0x00000000d5900000,0x00000000d5980000)
 ParOldGen       total 1092096K, used 309095K [0x0000000080000000, 0x00000000c2a80000, 0x00000000d5580000)
  object space 1092096K, 28% used [0x0000000080000000,0x0000000092dd9d08,0x00000000c2a80000)
 Metaspace       used 87021K, committed 88832K, reserved 1179648K
  class space    used 9113K, committed 10112K, reserved 1048576K
}
Event: 2980.433 GC heap after
{Heap after GC invocations=1161 (full 4):
 PSYoungGen      total 3584K, used 288K [0x00000000d5580000, 0x00000000d5a00000, 0x0000000100000000)
  eden space 3072K, 0% used [0x00000000d5580000,0x00000000d5580000,0x00000000d5880000)
  from space 512K, 56% used [0x00000000d5900000,0x00000000d5948000,0x00000000d5980000)
  to   space 512K, 0% used [0x00000000d5980000,0x00000000d5980000,0x00000000d5a00000)
 ParOldGen       total 1092096K, used 309151K [0x0000000080000000, 0x00000000c2a80000, 0x00000000d5580000)
  object space 1092096K, 28% used [0x0000000080000000,0x0000000092de7d08,0x00000000c2a80000)
 Metaspace       used 87021K, committed 88832K, reserved 1179648K
  class space    used 9113K, committed 10112K, reserved 1048576K
}
Event: 2980.551 GC heap before
{Heap before GC invocations=1162 (full 4):
 PSYoungGen      total 3584K, used 3360K [0x00000000d5580000, 0x00000000d5a00000, 0x0000000100000000)
  eden space 3072K, 100% used [0x00000000d5580000,0x00000000d5880000,0x00000000d5880000)
  from space 512K, 56% used [0x00000000d5900000,0x00000000d5948000,0x00000000d5980000)
  to   space 512K, 0% used [0x00000000d5980000,0x00000000d5980000,0x00000000d5a00000)
 ParOldGen       total 1092096K, used 309151K [0x0000000080000000, 0x00000000c2a80000, 0x00000000d5580000)
  object space 1092096K, 28% used [0x0000000080000000,0x0000000092de7d08,0x00000000c2a80000)
 Metaspace       used 87021K, committed 88832K, reserved 1179648K
  class space    used 9113K, committed 10112K, reserved 1048576K
}
Event: 2980.552 GC heap after
{Heap after GC invocations=1162 (full 4):
 PSYoungGen      total 3584K, used 288K [0x00000000d5580000, 0x00000000d5a00000, 0x0000000100000000)
  eden space 3072K, 0% used [0x00000000d5580000,0x00000000d5580000,0x00000000d5880000)
  from space 512K, 56% used [0x00000000d5980000,0x00000000d59c8000,0x00000000d5a00000)
  to   space 512K, 0% used [0x00000000d5900000,0x00000000d5900000,0x00000000d5980000)
 ParOldGen       total 1092096K, used 309183K [0x0000000080000000, 0x00000000c2a80000, 0x00000000d5580000)
  object space 1092096K, 28% used [0x0000000080000000,0x0000000092defd08,0x00000000c2a80000)
 Metaspace       used 87021K, committed 88832K, reserved 1179648K
  class space    used 9113K, committed 10112K, reserved 1048576K
}
Event: 2980.574 GC heap before
{Heap before GC invocations=1163 (full 4):
 PSYoungGen      total 3584K, used 3360K [0x00000000d5580000, 0x00000000d5a00000, 0x0000000100000000)
  eden space 3072K, 100% used [0x00000000d5580000,0x00000000d5880000,0x00000000d5880000)
  from space 512K, 56% used [0x00000000d5980000,0x00000000d59c8000,0x00000000d5a00000)
  to   space 512K, 0% used [0x00000000d5900000,0x00000000d5900000,0x00000000d5980000)
 ParOldGen       total 1092096K, used 309183K [0x0000000080000000, 0x00000000c2a80000, 0x00000000d5580000)
  object space 1092096K, 28% used [0x0000000080000000,0x0000000092defd08,0x00000000c2a80000)
 Metaspace       used 87031K, committed 88832K, reserved 1179648K
  class space    used 9113K, committed 10112K, reserved 1048576K
}
Event: 2980.575 GC heap after
{Heap after GC invocations=1163 (full 4):
 PSYoungGen      total 3584K, used 512K [0x00000000d5580000, 0x00000000d5a80000, 0x0000000100000000)
  eden space 3072K, 0% used [0x00000000d5580000,0x00000000d5580000,0x00000000d5880000)
  from space 512K, 100% used [0x00000000d5900000,0x00000000d5980000,0x00000000d5980000)
  to   space 1024K, 0% used [0x00000000d5980000,0x00000000d5980000,0x00000000d5a80000)
 ParOldGen       total 1092096K, used 309311K [0x0000000080000000, 0x00000000c2a80000, 0x00000000d5580000)
  object space 1092096K, 28% used [0x0000000080000000,0x0000000092e0fd18,0x00000000c2a80000)
 Metaspace       used 87031K, committed 88832K, reserved 1179648K
  class space    used 9113K, committed 10112K, reserved 1048576K
}
Event: 2980.579 GC heap before
{Heap before GC invocations=1164 (full 4):
 PSYoungGen      total 3584K, used 3584K [0x00000000d5580000, 0x00000000d5a80000, 0x0000000100000000)
  eden space 3072K, 100% used [0x00000000d5580000,0x00000000d5880000,0x00000000d5880000)
  from space 512K, 100% used [0x00000000d5900000,0x00000000d5980000,0x00000000d5980000)
  to   space 1024K, 0% used [0x00000000d5980000,0x00000000d5980000,0x00000000d5a80000)
 ParOldGen       total 1092096K, used 309311K [0x0000000080000000, 0x00000000c2a80000, 0x00000000d5580000)
  object space 1092096K, 28% used [0x0000000080000000,0x0000000092e0fd18,0x00000000c2a80000)
 Metaspace       used 87034K, committed 88832K, reserved 1179648K
  class space    used 9113K, committed 10112K, reserved 1048576K
}
Event: 2980.580 GC heap after
{Heap after GC invocations=1164 (full 4):
 PSYoungGen      total 4096K, used 912K [0x00000000d5580000, 0x00000000d5a80000, 0x0000000100000000)
  eden space 3072K, 0% used [0x00000000d5580000,0x00000000d5580000,0x00000000d5880000)
  from space 1024K, 89% used [0x00000000d5980000,0x00000000d5a64030,0x00000000d5a80000)
  to   space 1024K, 0% used [0x00000000d5880000,0x00000000d5880000,0x00000000d5980000)
 ParOldGen       total 1092096K, used 309727K [0x0000000080000000, 0x00000000c2a80000, 0x00000000d5580000)
  object space 1092096K, 28% used [0x0000000080000000,0x0000000092e77d18,0x00000000c2a80000)
 Metaspace       used 87034K, committed 88832K, reserved 1179648K
  class space    used 9113K, committed 10112K, reserved 1048576K
}
Event: 2980.591 GC heap before
{Heap before GC invocations=1165 (full 4):
 PSYoungGen      total 4096K, used 3984K [0x00000000d5580000, 0x00000000d5a80000, 0x0000000100000000)
  eden space 3072K, 100% used [0x00000000d5580000,0x00000000d5880000,0x00000000d5880000)
  from space 1024K, 89% used [0x00000000d5980000,0x00000000d5a64030,0x00000000d5a80000)
  to   space 1024K, 0% used [0x00000000d5880000,0x00000000d5880000,0x00000000d5980000)
 ParOldGen       total 1092096K, used 309727K [0x0000000080000000, 0x00000000c2a80000, 0x00000000d5580000)
  object space 1092096K, 28% used [0x0000000080000000,0x0000000092e77d18,0x00000000c2a80000)
 Metaspace       used 87060K, committed 88896K, reserved 1179648K
  class space    used 9116K, committed 10112K, reserved 1048576K
}
Event: 2980.592 GC heap after
{Heap after GC invocations=1165 (full 4):
 PSYoungGen      total 4096K, used 512K [0x00000000d5580000, 0x00000000d5a80000, 0x0000000100000000)
  eden space 3072K, 0% used [0x00000000d5580000,0x00000000d5580000,0x00000000d5880000)
  from space 1024K, 50% used [0x00000000d5880000,0x00000000d5900000,0x00000000d5980000)
  to   space 1024K, 0% used [0x00000000d5980000,0x00000000d5980000,0x00000000d5a80000)
 ParOldGen       total 1092096K, used 310247K [0x0000000080000000, 0x00000000c2a80000, 0x00000000d5580000)
  object space 1092096K, 28% used [0x0000000080000000,0x0000000092ef9d18,0x00000000c2a80000)
 Metaspace       used 87060K, committed 88896K, reserved 1179648K
  class space    used 9116K, committed 10112K, reserved 1048576K
}
Event: 2980.617 GC heap before
{Heap before GC invocations=1166 (full 4):
 PSYoungGen      total 4096K, used 3584K [0x00000000d5580000, 0x00000000d5a80000, 0x0000000100000000)
  eden space 3072K, 100% used [0x00000000d5580000,0x00000000d5880000,0x00000000d5880000)
  from space 1024K, 50% used [0x00000000d5880000,0x00000000d5900000,0x00000000d5980000)
  to   space 1024K, 0% used [0x00000000d5980000,0x00000000d5980000,0x00000000d5a80000)
 ParOldGen       total 1092096K, used 310247K [0x0000000080000000, 0x00000000c2a80000, 0x00000000d5580000)
  object space 1092096K, 28% used [0x0000000080000000,0x0000000092ef9d18,0x00000000c2a80000)
 Metaspace       used 87260K, committed 89088K, reserved 1179648K
  class space    used 9130K, committed 10112K, reserved 1048576K
}
Event: 2980.618 GC heap after
{Heap after GC invocations=1166 (full 4):
 PSYoungGen      total 3584K, used 453K [0x00000000d5580000, 0x00000000d5a00000, 0x0000000100000000)
  eden space 3072K, 0% used [0x00000000d5580000,0x00000000d5580000,0x00000000d5880000)
  from space 512K, 88% used [0x00000000d5980000,0x00000000d59f1420,0x00000000d5a00000)
  to   space 512K, 0% used [0x00000000d5900000,0x00000000d5900000,0x00000000d5980000)
 ParOldGen       total 1092096K, used 310583K [0x0000000080000000, 0x00000000c2a80000, 0x00000000d5580000)
  object space 1092096K, 28% used [0x0000000080000000,0x0000000092f4dd18,0x00000000c2a80000)
 Metaspace       used 87260K, committed 89088K, reserved 1179648K
  class space    used 9130K, committed 10112K, reserved 1048576K
}
Event: 2981.712 GC heap before
{Heap before GC invocations=1167 (full 4):
 PSYoungGen      total 3584K, used 3525K [0x00000000d5580000, 0x00000000d5a00000, 0x0000000100000000)
  eden space 3072K, 100% used [0x00000000d5580000,0x00000000d5880000,0x00000000d5880000)
  from space 512K, 88% used [0x00000000d5980000,0x00000000d59f1420,0x00000000d5a00000)
  to   space 512K, 0% used [0x00000000d5900000,0x00000000d5900000,0x00000000d5980000)
 ParOldGen       total 1092096K, used 310583K [0x0000000080000000, 0x00000000c2a80000, 0x00000000d5580000)
  object space 1092096K, 28% used [0x0000000080000000,0x0000000092f4dd18,0x00000000c2a80000)
 Metaspace       used 87311K, committed 89088K, reserved 1179648K
  class space    used 9135K, committed 10112K, reserved 1048576K
}
Event: 2981.713 GC heap after
{Heap after GC invocations=1167 (full 4):
 PSYoungGen      total 3584K, used 320K [0x00000000d5580000, 0x00000000d5a00000, 0x0000000100000000)
  eden space 3072K, 0% used [0x00000000d5580000,0x00000000d5580000,0x00000000d5880000)
  from space 512K, 62% used [0x00000000d5900000,0x00000000d5950000,0x00000000d5980000)
  to   space 512K, 0% used [0x00000000d5980000,0x00000000d5980000,0x00000000d5a00000)
 ParOldGen       total 1092096K, used 310802K [0x0000000080000000, 0x00000000c2a80000, 0x00000000d5580000)
  object space 1092096K, 28% used [0x0000000080000000,0x0000000092f84860,0x00000000c2a80000)
 Metaspace       used 87311K, committed 89088K, reserved 1179648K
  class space    used 9135K, committed 10112K, reserved 1048576K
}

Dll operation events (12 events):
Event: 0.290 Loaded shared library c:\Users\nisha\.vscode\extensions\redhat.java-1.51.0-win32-x64\jre\21.0.9-win32-x86_64\bin\java.dll
Event: 0.528 Loaded shared library c:\Users\nisha\.vscode\extensions\redhat.java-1.51.0-win32-x64\jre\21.0.9-win32-x86_64\bin\zip.dll
Event: 0.563 Loaded shared library C:\Users\nisha\.vscode\extensions\redhat.java-1.51.0-win32-x64\jre\21.0.9-win32-x86_64\bin\instrument.dll
Event: 0.640 Loaded shared library C:\Users\nisha\.vscode\extensions\redhat.java-1.51.0-win32-x64\jre\21.0.9-win32-x86_64\bin\net.dll
Event: 0.730 Loaded shared library C:\Users\nisha\.vscode\extensions\redhat.java-1.51.0-win32-x64\jre\21.0.9-win32-x86_64\bin\nio.dll
Event: 0.736 Loaded shared library C:\Users\nisha\.vscode\extensions\redhat.java-1.51.0-win32-x64\jre\21.0.9-win32-x86_64\bin\zip.dll
Event: 0.787 Loaded shared library C:\Users\nisha\.vscode\extensions\redhat.java-1.51.0-win32-x64\jre\21.0.9-win32-x86_64\bin\jimage.dll
Event: 0.937 Loaded shared library c:\Users\nisha\.vscode\extensions\redhat.java-1.51.0-win32-x64\jre\21.0.9-win32-x86_64\bin\verify.dll
Event: 17.568 Loaded shared library C:\Users\nisha\AppData\Roaming\Code\User\globalStorage\redhat.java\1.51.0\config_win\org.eclipse.equinox.launcher\org.eclipse.equinox.launcher.win32.win32.x86_64_1.2.1400.v20250801-0854\eclipse_11916.dll
Event: 31.486 Loaded shared library C:\Users\nisha\AppData\Local\Temp\jna-104829201\jna8908387775811018631.dll
Event: 2139.310 Loaded shared library C:\Users\nisha\.vscode\extensions\redhat.java-1.51.0-win32-x64\jre\21.0.9-win32-x86_64\bin\sunmscapi.dll
Event: 2139.439 Loaded shared library C:\Users\nisha\.vscode\extensions\redhat.java-1.51.0-win32-x64\jre\21.0.9-win32-x86_64\bin\extnet.dll

Deoptimization events (20 events):
Event: 2979.356 Thread 0x0000013d233371f0 Uncommon trap: trap_request=0xffffffde fr.pc=0x0000013ccd0eb1b4 relative=0x00000000000004d4
Event: 2979.356 Thread 0x0000013d233371f0 Uncommon trap: reason=class_check action=maybe_recompile pc=0x0000013ccd0eb1b4 method=java.util.AbstractMap.hashCode()I @ 3 c2
Event: 2979.357 Thread 0x0000013d233371f0 DEOPT PACKING pc=0x0000013ccd0eb1b4 sp=0x0000002c257fdc40
Event: 2979.357 Thread 0x0000013d233371f0 DEOPT UNPACKING pc=0x0000013ccc963aa2 sp=0x0000002c257fdbe8 mode 2
Event: 2979.377 Thread 0x0000013d233371f0 DEOPT PACKING pc=0x0000013cc638f745 sp=0x0000002c257fc0d0
Event: 2979.377 Thread 0x0000013d233371f0 DEOPT UNPACKING pc=0x0000013ccc964242 sp=0x0000002c257fb6e8 mode 0
Event: 2979.534 Thread 0x0000013d233371f0 DEOPT PACKING pc=0x0000013cc638f745 sp=0x0000002c257fc3d0
Event: 2979.534 Thread 0x0000013d233371f0 DEOPT UNPACKING pc=0x0000013ccc964242 sp=0x0000002c257fb9e8 mode 0
Event: 2979.593 Thread 0x0000013d233371f0 DEOPT PACKING pc=0x0000013cc638f745 sp=0x0000002c257fb730
Event: 2979.593 Thread 0x0000013d233371f0 DEOPT UNPACKING pc=0x0000013ccc964242 sp=0x0000002c257fad48 mode 0
Event: 2979.652 Thread 0x0000013d233371f0 DEOPT PACKING pc=0x0000013cc638f745 sp=0x0000002c257fc040
Event: 2979.652 Thread 0x0000013d233371f0 DEOPT UNPACKING pc=0x0000013ccc964242 sp=0x0000002c257fb658 mode 0
Event: 2980.295 Thread 0x0000013d233371f0 DEOPT PACKING pc=0x0000013cc76eb052 sp=0x0000002c257fcf00
Event: 2980.295 Thread 0x0000013d233371f0 DEOPT UNPACKING pc=0x0000013ccc964242 sp=0x0000002c257fc398 mode 0
Event: 2980.295 Thread 0x0000013d233371f0 DEOPT PACKING pc=0x0000013cc76eb052 sp=0x0000002c257fcf20
Event: 2980.295 Thread 0x0000013d233371f0 DEOPT UNPACKING pc=0x0000013ccc964242 sp=0x0000002c257fc3b0 mode 0
Event: 2980.297 Thread 0x0000013d233371f0 DEOPT PACKING pc=0x0000013cc76eb052 sp=0x0000002c257fcf20
Event: 2980.298 Thread 0x0000013d233371f0 DEOPT UNPACKING pc=0x0000013ccc964242 sp=0x0000002c257fc3b0 mode 0
Event: 2980.298 Thread 0x0000013d233371f0 DEOPT PACKING pc=0x0000013cc76eb052 sp=0x0000002c257fcf20
Event: 2980.298 Thread 0x0000013d233371f0 DEOPT UNPACKING pc=0x0000013ccc964242 sp=0x0000002c257fc3b0 mode 0

Classes loaded (20 events):
Event: 2947.864 Loading class sun/security/ssl/PreSharedKeyExtension$PartialClientHelloMessage
Event: 2947.865 Loading class sun/security/ssl/PreSharedKeyExtension$PartialClientHelloMessage done
Event: 2947.865 Loading class sun/security/ssl/SSLEngineOutputRecord
Event: 2947.865 Loading class sun/security/ssl/SSLEngineOutputRecord done
Event: 2947.865 Loading class sun/security/ssl/SSLEngineOutputRecord$HandshakeFragment
Event: 2947.865 Loading class sun/security/ssl/SSLEngineOutputRecord$HandshakeFragment done
Event: 2947.865 Loading class sun/security/ssl/SSLEngineOutputRecord$HandshakeMemo
Event: 2947.865 Loading class sun/security/ssl/SSLEngineOutputRecord$RecordMemo
Event: 2947.865 Loading class sun/security/ssl/SSLEngineOutputRecord$RecordMemo done
Event: 2947.865 Loading class sun/security/ssl/SSLEngineOutputRecord$HandshakeMemo done
Event: 2947.939 Loading class sun/security/ssl/PreSharedKeyExtension$SHPreSharedKeySpec
Event: 2947.939 Loading class sun/security/ssl/PreSharedKeyExtension$SHPreSharedKeySpec done
Event: 2948.807 Loading class java/util/LinkedList$LLSpliterator
Event: 2948.807 Loading class java/util/LinkedList$LLSpliterator done
Event: 2969.592 Loading class java/util/ArrayDeque$DeqSpliterator
Event: 2969.592 Loading class java/util/ArrayDeque$DeqSpliterator done
Event: 2970.728 Loading class jdk/internal/module/IllegalAccessLogger
Event: 2970.728 Loading class jdk/internal/module/IllegalAccessLogger done
Event: 2970.804 Loading class jdk/internal/module/IllegalAccessLogger
Event: 2970.804 Loading class jdk/internal/module/IllegalAccessLogger done

Classes unloaded (20 events):
Event: 2948.710 Thread 0x0000013cc229eb80 Unloading class 0x0000013cda017400 'java/lang/invoke/LambdaForm$MH+0x0000013cda017400'
Event: 2948.710 Thread 0x0000013cc229eb80 Unloading class 0x0000013cda016400 'java/lang/invoke/LambdaForm$MH+0x0000013cda016400'
Event: 2948.710 Thread 0x0000013cc229eb80 Unloading class 0x0000013cda00d800 'java/lang/invoke/LambdaForm$MH+0x0000013cda00d800'
Event: 2948.710 Thread 0x0000013cc229eb80 Unloading class 0x0000013cda00d400 'java/lang/invoke/LambdaForm$MH+0x0000013cda00d400'
Event: 2948.710 Thread 0x0000013cc229eb80 Unloading class 0x0000013cda00d000 'java/lang/invoke/LambdaForm$MH+0x0000013cda00d000'
Event: 2948.710 Thread 0x0000013cc229eb80 Unloading class 0x0000013cda00cc00 'java/lang/invoke/LambdaForm$MH+0x0000013cda00cc00'
Event: 2948.710 Thread 0x0000013cc229eb80 Unloading class 0x0000013cda00c800 'java/lang/invoke/LambdaForm$BMH+0x0000013cda00c800'
Event: 2948.710 Thread 0x0000013cc229eb80 Unloading class 0x0000013cda00c000 'java/lang/invoke/LambdaForm$DMH+0x0000013cda00c000'
Event: 2948.710 Thread 0x0000013cc229eb80 Unloading class 0x0000013cda008c00 'java/lang/invoke/LambdaForm$MH+0x0000013cda008c00'
Event: 2948.710 Thread 0x0000013cc229eb80 Unloading class 0x0000013cda008800 'java/lang/invoke/LambdaForm$MH+0x0000013cda008800'
Event: 2948.710 Thread 0x0000013cc229eb80 Unloading class 0x0000013cda008400 'java/lang/invoke/LambdaForm$MH+0x0000013cda008400'
Event: 2948.710 Thread 0x0000013cc229eb80 Unloading class 0x0000013cda007000 'java/lang/invoke/LambdaForm$MH+0x0000013cda007000'
Event: 2948.710 Thread 0x0000013cc229eb80 Unloading class 0x0000013cda006800 'java/lang/invoke/LambdaForm$MH+0x0000013cda006800'
Event: 2948.710 Thread 0x0000013cc229eb80 Unloading class 0x0000013cda006400 'java/lang/invoke/LambdaForm$MH+0x0000013cda006400'
Event: 2948.710 Thread 0x0000013cc229eb80 Unloading class 0x0000013cda006000 'java/lang/invoke/LambdaForm$MH+0x0000013cda006000'
Event: 2948.710 Thread 0x0000013cc229eb80 Unloading class 0x0000013cda005c00 'java/lang/invoke/LambdaForm$BMH+0x0000013cda005c00'
Event: 2948.710 Thread 0x0000013cc229eb80 Unloading class 0x0000013cda004800 'java/lang/invoke/LambdaForm$DMH+0x0000013cda004800'
Event: 2948.710 Thread 0x0000013cc229eb80 Unloading class 0x0000013cda002400 'java/lang/invoke/LambdaForm$MH+0x0000013cda002400'
Event: 2948.710 Thread 0x0000013cc229eb80 Unloading class 0x0000013cda002000 'java/lang/invoke/LambdaForm$MH+0x0000013cda002000'
Event: 2948.710 Thread 0x0000013cc229eb80 Unloading class 0x0000013cda001800 'java/lang/invoke/LambdaForm$MH+0x0000013cda001800'

Classes redefined (0 events):
No events

Internal exceptions (20 events):
Event: 2973.845 Thread 0x0000013d20ced640 Exception <a 'sun/nio/fs/WindowsException'{0x00000000d5791d20}> (0x00000000d5791d20) 
thrown [s\src\hotspot\share\prims\jni.cpp, line 520]
Event: 2973.952 Thread 0x0000013d20514aa0 Implicit null exception at 0x0000013ccdb5d19e to 0x0000013ccdb5d73c
Event: 2973.956 Thread 0x0000013d20514aa0 Exception <a 'sun/nio/fs/WindowsException'{0x00000000d55fdae0}> (0x00000000d55fdae0) 
thrown [s\src\hotspot\share\prims\jni.cpp, line 520]
Event: 2973.956 Thread 0x0000013d20514aa0 Exception <a 'sun/nio/fs/WindowsException'{0x00000000d55fe740}> (0x00000000d55fe740) 
thrown [s\src\hotspot\share\prims\jni.cpp, line 520]
Event: 2973.957 Thread 0x0000013d20514aa0 Exception <a 'sun/nio/fs/WindowsException'{0x00000000d55ffbf0}> (0x00000000d55ffbf0) 
thrown [s\src\hotspot\share\prims\jni.cpp, line 520]
Event: 2973.957 Thread 0x0000013d20514aa0 Exception <a 'sun/nio/fs/WindowsException'{0x00000000d56007f0}> (0x00000000d56007f0) 
thrown [s\src\hotspot\share\prims\jni.cpp, line 520]
Event: 2973.957 Thread 0x0000013d20514aa0 Exception <a 'sun/nio/fs/WindowsException'{0x00000000d56028c8}> (0x00000000d56028c8) 
thrown [s\src\hotspot\share\prims\jni.cpp, line 520]
Event: 2973.957 Thread 0x0000013d20514aa0 Exception <a 'sun/nio/fs/WindowsException'{0x00000000d56034d0}> (0x00000000d56034d0) 
thrown [s\src\hotspot\share\prims\jni.cpp, line 520]
Event: 2973.959 Thread 0x0000013d20514aa0 Exception <a 'sun/nio/fs/WindowsException'{0x00000000d56292e8}> (0x00000000d56292e8) 
thrown [s\src\hotspot\share\prims\jni.cpp, line 520]
Event: 2973.959 Thread 0x0000013d20514aa0 Exception <a 'sun/nio/fs/WindowsException'{0x00000000d5629f00}> (0x00000000d5629f00) 
thrown [s\src\hotspot\share\prims\jni.cpp, line 520]
Event: 2980.547 Thread 0x0000013d233371f0 Exception <a 'sun/nio/fs/WindowsException'{0x00000000d57f6c60}> (0x00000000d57f6c60) 
thrown [s\src\hotspot\share\prims\jni.cpp, line 520]
Event: 2980.547 Thread 0x0000013d233371f0 Exception <a 'sun/nio/fs/WindowsException'{0x00000000d57f7620}> (0x00000000d57f7620) 
thrown [s\src\hotspot\share\prims\jni.cpp, line 520]
Event: 2980.547 Thread 0x0000013d233371f0 Exception <a 'sun/nio/fs/WindowsException'{0x00000000d5801f10}> (0x00000000d5801f10) 
thrown [s\src\hotspot\share\prims\jni.cpp, line 520]
Event: 2980.547 Thread 0x0000013d233371f0 Exception <a 'sun/nio/fs/WindowsException'{0x00000000d58028d0}> (0x00000000d58028d0) 
thrown [s\src\hotspot\share\prims\jni.cpp, line 520]
Event: 2980.550 Thread 0x0000013d233371f0 Exception <a 'sun/nio/fs/WindowsException'{0x00000000d584e938}> (0x00000000d584e938) 
thrown [s\src\hotspot\share\prims\jni.cpp, line 520]
Event: 2980.551 Thread 0x0000013d233371f0 Exception <a 'sun/nio/fs/WindowsException'{0x00000000d584f548}> (0x00000000d584f548) 
thrown [s\src\hotspot\share\prims\jni.cpp, line 520]
Event: 2980.649 Thread 0x0000013d233371f0 Exception <a 'sun/nio/fs/WindowsException'{0x00000000d57a9750}> (0x00000000d57a9750) 
thrown [s\src\hotspot\share\prims\jni.cpp, line 520]
Event: 2980.649 Thread 0x0000013d233371f0 Exception <a 'sun/nio/fs/WindowsException'{0x00000000d57aa110}> (0x00000000d57aa110) 
thrown [s\src\hotspot\share\prims\jni.cpp, line 520]
Event: 3226.352 Thread 0x0000013d23334a90 Exception <a 'sun/nio/fs/WindowsException'{0x00000000d56819c8}> (0x00000000d56819c8) 
thrown [s\src\hotspot\share\prims\jni.cpp, line 520]
Event: 3226.352 Thread 0x0000013d23334a90 Exception <a 'sun/nio/fs/WindowsException'{0x00000000d5682388}> (0x00000000d5682388) 
thrown [s\src\hotspot\share\prims\jni.cpp, line 520]

ZGC Phase Switch (0 events):
No events

VM Operations (20 events):
Event: 3032.526 Executing VM operation: Cleanup
Event: 3032.526 Executing VM operation: Cleanup done
Event: 3066.618 Executing VM operation: HandshakeAllThreads (HandshakeForDeflation)
Event: 3066.618 Executing VM operation: HandshakeAllThreads (HandshakeForDeflation) done
Event: 3066.618 Executing VM operation: RendezvousGCThreads
Event: 3066.618 Executing VM operation: RendezvousGCThreads done
Event: 3126.680 Executing VM operation: HandshakeAllThreads (HandshakeForDeflation)
Event: 3126.680 Executing VM operation: HandshakeAllThreads (HandshakeForDeflation) done
Event: 3126.680 Executing VM operation: RendezvousGCThreads
Event: 3126.680 Executing VM operation: RendezvousGCThreads done
Event: 3186.784 Executing VM operation: HandshakeAllThreads (HandshakeForDeflation)
Event: 3186.784 Executing VM operation: HandshakeAllThreads (HandshakeForDeflation) done
Event: 3186.784 Executing VM operation: RendezvousGCThreads
Event: 3186.784 Executing VM operation: RendezvousGCThreads done
Event: 3227.015 Executing VM operation: Cleanup
Event: 3227.015 Executing VM operation: Cleanup done
Event: 3247.026 Executing VM operation: HandshakeAllThreads (HandshakeForDeflation)
Event: 3247.026 Executing VM operation: HandshakeAllThreads (HandshakeForDeflation) done
Event: 3247.026 Executing VM operation: RendezvousGCThreads
Event: 3247.026 Executing VM operation: RendezvousGCThreads done

Memory protections (0 events):
No events

Nmethod flushes (20 events):
Event: 2948.745 Thread 0x0000013cc229eb80 flushing  nmethod 0x0000013cc6580f10
Event: 2948.745 Thread 0x0000013cc229eb80 flushing  nmethod 0x0000013cc65b4d10
Event: 2948.745 Thread 0x0000013cc229eb80 flushing  nmethod 0x0000013cc65c4090
Event: 2948.745 Thread 0x0000013cc229eb80 flushing  nmethod 0x0000013cc65dda10
Event: 2948.745 Thread 0x0000013cc229eb80 flushing  nmethod 0x0000013cc65de090
Event: 2948.745 Thread 0x0000013cc229eb80 flushing  nmethod 0x0000013cc65de910
Event: 2948.745 Thread 0x0000013cc229eb80 flushing  nmethod 0x0000013cc65df090
Event: 2948.745 Thread 0x0000013cc229eb80 flushing  nmethod 0x0000013cc6603290
Event: 2948.745 Thread 0x0000013cc229eb80 flushing  nmethod 0x0000013cc663f690
Event: 2948.745 Thread 0x0000013cc229eb80 flushing  nmethod 0x0000013cc666e290
Event: 2948.745 Thread 0x0000013cc229eb80 flushing  nmethod 0x0000013cc66b6710
Event: 2948.745 Thread 0x0000013cc229eb80 flushing  nmethod 0x0000013cc66c2c10
Event: 2948.745 Thread 0x0000013cc229eb80 flushing  nmethod 0x0000013cc670a810
Event: 2948.745 Thread 0x0000013cc229eb80 flushing  nmethod 0x0000013cc6711310
Event: 2948.745 Thread 0x0000013cc229eb80 flushing  nmethod 0x0000013cc6717e10
Event: 2948.745 Thread 0x0000013cc229eb80 flushing  nmethod 0x0000013cc6719290
Event: 2948.745 Thread 0x0000013cc229eb80 flushing  nmethod 0x0000013cc6bffd10
Event: 2948.745 Thread 0x0000013cc229eb80 flushing  nmethod 0x0000013cc6c2c190
Event: 2948.745 Thread 0x0000013cc229eb80 flushing  nmethod 0x0000013cc6ca1110
Event: 2948.745 Thread 0x0000013cc229eb80 flushing  nmethod 0x0000013cc6ca9c90

Events (20 events):
Event: 3090.783 Thread 0x0000013d24e536c0 Thread exited: 0x0000013d24e536c0
Event: 3091.630 Thread 0x0000013d20515e50 Thread exited: 0x0000013d20515e50
Event: 3094.111 Thread 0x0000013d24e57ef0 Thread exited: 0x0000013d24e57ef0
Event: 3150.796 Thread 0x0000013d24e564b0 Thread exited: 0x0000013d24e564b0
Event: 3151.635 Thread 0x0000013d24e515f0 Thread exited: 0x0000013d24e515f0
Event: 3154.113 Thread 0x0000013d205164e0 Thread exited: 0x0000013d205164e0
Event: 3210.808 Thread 0x0000013d24e53d50 Thread exited: 0x0000013d24e53d50
Event: 3214.119 Thread 0x0000013d20519ff0 Thread exited: 0x0000013d20519ff0
Event: 3226.353 Thread 0x0000013d23334a90 Thread added: 0x0000013d20513d80
Event: 3226.353 Thread 0x0000013d20513d80 Thread exited: 0x0000013d20513d80
Event: 3270.707 Thread 0x0000013d24e53030 Thread exited: 0x0000013d24e53030
Event: 3270.707 Thread 0x0000013d24e55790 Thread exited: 0x0000013d24e55790
Event: 3270.707 Thread 0x0000013d24e55100 Thread exited: 0x0000013d24e55100
Event: 3270.753 Thread 0x0000013d24e58580 Thread exited: 0x0000013d24e58580
Event: 3270.753 Thread 0x0000013d24e56b40 Thread exited: 0x0000013d24e56b40
Event: 3270.761 Thread 0x0000013d24e58c10 Thread exited: 0x0000013d24e58c10
Event: 3270.785 Thread 0x0000013d20515130 Thread exited: 0x0000013d20515130
Event: 3270.819 Thread 0x0000013d24e543e0 Thread exited: 0x0000013d24e543e0
Event: 3270.820 Thread 0x0000013d205157c0 Thread exited: 0x0000013d205157c0
Event: 3274.133 Thread 0x0000013d205136f0 Thread exited: 0x0000013d205136f0


Dynamic libraries:
0x00007ff687f70000 - 0x00007ff687f7e000 	c:\Users\nisha\.vscode\extensions\redhat.java-1.51.0-win32-x64\jre\21.0.9-win32-x86_64\bin\java.exe
0x00007ffe5fce0000 - 0x00007ffe5ff47000 	C:\WINDOWS\SYSTEM32\ntdll.dll
0x00007ffe5e940000 - 0x00007ffe5ea09000 	C:\WINDOWS\System32\KERNEL32.DLL
0x00007ffe5cfa0000 - 0x00007ffe5d38f000 	C:\WINDOWS\System32\KERNELBASE.dll
0x00007ffe5d460000 - 0x00007ffe5d5ab000 	C:\WINDOWS\System32\ucrtbase.dll
0x00007ffe236d0000 - 0x00007ffe236ee000 	c:\Users\nisha\.vscode\extensions\redhat.java-1.51.0-win32-x64\jre\21.0.9-win32-x86_64\bin\VCRUNTIME140.dll
0x00007ffe23220000 - 0x00007ffe23238000 	c:\Users\nisha\.vscode\extensions\redhat.java-1.51.0-win32-x64\jre\21.0.9-win32-x86_64\bin\jli.dll
0x00007ffe5da80000 - 0x00007ffe5dc45000 	C:\WINDOWS\System32\USER32.dll
0x00007ffe424c0000 - 0x00007ffe42753000 	C:\WINDOWS\WinSxS\amd64_microsoft.windows.common-controls_6595b64144ccf1df_6.0.26100.7309_none_3e05feeae336a044\COMCTL32.dll
0x00007ffe5e730000 - 0x00007ffe5e7d9000 	C:\WINDOWS\System32\msvcrt.dll
0x00007ffe5d430000 - 0x00007ffe5d457000 	C:\WINDOWS\System32\win32u.dll
0x00007ffe5f000000 - 0x00007ffe5f02b000 	C:\WINDOWS\System32\GDI32.dll
0x00007ffe5d890000 - 0x00007ffe5d9bc000 	C:\WINDOWS\System32\gdi32full.dll
0x00007ffe5d5b0000 - 0x00007ffe5d653000 	C:\WINDOWS\System32\msvcp_win.dll
0x00007ffe5efc0000 - 0x00007ffe5eff1000 	C:\WINDOWS\System32\IMM32.DLL
0x00007ffe4add0000 - 0x00007ffe4addc000 	c:\Users\nisha\.vscode\extensions\redhat.java-1.51.0-win32-x64\jre\21.0.9-win32-x86_64\bin\vcruntime140_1.dll
0x00007ffde1c60000 - 0x00007ffde1ced000 	c:\Users\nisha\.vscode\extensions\redhat.java-1.51.0-win32-x64\jre\21.0.9-win32-x86_64\bin\msvcp140.dll
0x00007ffdac020000 - 0x00007ffdacdc0000 	c:\Users\nisha\.vscode\extensions\redhat.java-1.51.0-win32-x64\jre\21.0.9-win32-x86_64\bin\server\jvm.dll
0x00007ffe5df10000 - 0x00007ffe5dfc4000 	C:\WINDOWS\System32\ADVAPI32.dll
0x00007ffe5ea10000 - 0x00007ffe5eab6000 	C:\WINDOWS\System32\sechost.dll
0x00007ffe5f3c0000 - 0x00007ffe5f4d8000 	C:\WINDOWS\System32\RPCRT4.dll
0x00007ffe5e7e0000 - 0x00007ffe5e854000 	C:\WINDOWS\System32\WS2_32.dll
0x00007ffe5cc90000 - 0x00007ffe5ccee000 	C:\WINDOWS\SYSTEM32\POWRPROF.dll
0x00007ffe57690000 - 0x00007ffe576c5000 	C:\WINDOWS\SYSTEM32\WINMM.dll
0x00007ffe44270000 - 0x00007ffe4427b000 	C:\WINDOWS\SYSTEM32\VERSION.dll
0x00007ffe5cc70000 - 0x00007ffe5cc84000 	C:\WINDOWS\SYSTEM32\UMPDC.dll
0x00007ffe5bbb0000 - 0x00007ffe5bbcb000 	C:\WINDOWS\SYSTEM32\kernel.appcore.dll
0x00007ffe4a810000 - 0x00007ffe4a81a000 	c:\Users\nisha\.vscode\extensions\redhat.java-1.51.0-win32-x64\jre\21.0.9-win32-x86_64\bin\jimage.dll
0x00007ffe5a400000 - 0x00007ffe5a642000 	C:\WINDOWS\SYSTEM32\DBGHELP.DLL
0x00007ffe5ec30000 - 0x00007ffe5efb5000 	C:\WINDOWS\System32\combase.dll
0x00007ffe5e860000 - 0x00007ffe5e936000 	C:\WINDOWS\System32\OLEAUT32.dll
0x00007ffe430f0000 - 0x00007ffe4312c000 	C:\WINDOWS\SYSTEM32\dbgcore.DLL
0x00007ffe5d7e0000 - 0x00007ffe5d885000 	C:\WINDOWS\System32\bcryptPrimitives.dll
0x00007ffe4a5a0000 - 0x00007ffe4a5af000 	c:\Users\nisha\.vscode\extensions\redhat.java-1.51.0-win32-x64\jre\21.0.9-win32-x86_64\bin\instrument.dll
0x00007ffe21410000 - 0x00007ffe21430000 	c:\Users\nisha\.vscode\extensions\redhat.java-1.51.0-win32-x64\jre\21.0.9-win32-x86_64\bin\java.dll
0x00007ffe5f530000 - 0x00007ffe5fc83000 	C:\WINDOWS\System32\SHELL32.dll
0x00007ffe5ce30000 - 0x00007ffe5cf9a000 	C:\WINDOWS\System32\wintypes.dll
0x00007ffe5a9f0000 - 0x00007ffe5b24e000 	C:\WINDOWS\SYSTEM32\windows.storage.dll
0x00007ffe5eac0000 - 0x00007ffe5ebb5000 	C:\WINDOWS\System32\SHCORE.dll
0x00007ffe5ebc0000 - 0x00007ffe5ec26000 	C:\WINDOWS\System32\shlwapi.dll
0x00007ffe5cd50000 - 0x00007ffe5cd79000 	C:\WINDOWS\SYSTEM32\profapi.dll
0x00007ffe213f0000 - 0x00007ffe21408000 	c:\Users\nisha\.vscode\extensions\redhat.java-1.51.0-win32-x64\jre\21.0.9-win32-x86_64\bin\zip.dll
0x00007ffe1df80000 - 0x00007ffe1df90000 	C:\Users\nisha\.vscode\extensions\redhat.java-1.51.0-win32-x64\jre\21.0.9-win32-x86_64\bin\net.dll
0x00007ffe4b2a0000 - 0x00007ffe4b3c8000 	C:\WINDOWS\SYSTEM32\WINHTTP.dll
0x00007ffe5c100000 - 0x00007ffe5c16b000 	C:\WINDOWS\system32\mswsock.dll
0x00007ffe1df60000 - 0x00007ffe1df76000 	C:\Users\nisha\.vscode\extensions\redhat.java-1.51.0-win32-x64\jre\21.0.9-win32-x86_64\bin\nio.dll
0x00007ffe1df50000 - 0x00007ffe1df60000 	c:\Users\nisha\.vscode\extensions\redhat.java-1.51.0-win32-x64\jre\21.0.9-win32-x86_64\bin\verify.dll
0x00007ffe11cc0000 - 0x00007ffe11d04000 	C:\Users\nisha\AppData\Roaming\Code\User\globalStorage\redhat.java\1.51.0\config_win\org.eclipse.equinox.launcher\org.eclipse.equinox.launcher.win32.win32.x86_64_1.2.1400.v20250801-0854\eclipse_11916.dll
0x00007ffe5e0d0000 - 0x00007ffe5e267000 	C:\WINDOWS\System32\ole32.dll
0x00007ffe5c3a0000 - 0x00007ffe5c3bb000 	C:\WINDOWS\SYSTEM32\CRYPTSP.dll
0x00007ffe5bb10000 - 0x00007ffe5bb4a000 	C:\WINDOWS\system32\rsaenh.dll
0x00007ffe5c1b0000 - 0x00007ffe5c1db000 	C:\WINDOWS\SYSTEM32\USERENV.dll
0x00007ffe5cd20000 - 0x00007ffe5cd4a000 	C:\WINDOWS\SYSTEM32\bcrypt.dll
0x00007ffe5c390000 - 0x00007ffe5c39c000 	C:\WINDOWS\SYSTEM32\CRYPTBASE.dll
0x00007ffe5b650000 - 0x00007ffe5b684000 	C:\WINDOWS\SYSTEM32\IPHLPAPI.DLL
0x00007ffe5fc90000 - 0x00007ffe5fc9a000 	C:\WINDOWS\System32\NSI.dll
0x00007ffe54a50000 - 0x00007ffe54a99000 	C:\Users\nisha\AppData\Local\Temp\jna-104829201\jna8908387775811018631.dll
0x00007ffe5dee0000 - 0x00007ffe5dee8000 	C:\WINDOWS\System32\PSAPI.DLL
0x00007ffe4c300000 - 0x00007ffe4c31e000 	C:\WINDOWS\SYSTEM32\dhcpcsvc6.DLL
0x00007ffe4c260000 - 0x00007ffe4c283000 	C:\WINDOWS\SYSTEM32\dhcpcsvc.DLL
0x00007ffe59a80000 - 0x00007ffe59a8e000 	C:\Users\nisha\.vscode\extensions\redhat.java-1.51.0-win32-x64\jre\21.0.9-win32-x86_64\bin\sunmscapi.dll
0x00007ffe5d660000 - 0x00007ffe5d7d7000 	C:\WINDOWS\System32\CRYPT32.dll
0x00007ffe5c630000 - 0x00007ffe5c660000 	C:\WINDOWS\SYSTEM32\ncrypt.dll
0x00007ffe5c5e0000 - 0x00007ffe5c61f000 	C:\WINDOWS\SYSTEM32\NTASN1.dll
0x00007ffe33000000 - 0x00007ffe33008000 	C:\WINDOWS\system32\wshunix.dll
0x00007ffe59a70000 - 0x00007ffe59a79000 	C:\Users\nisha\.vscode\extensions\redhat.java-1.51.0-win32-x64\jre\21.0.9-win32-x86_64\bin\extnet.dll
0x00007ffe5b690000 - 0x00007ffe5b7bc000 	C:\WINDOWS\SYSTEM32\DNSAPI.dll
0x00007ffe4cb30000 - 0x00007ffe4cb3b000 	C:\Windows\System32\rasadhlp.dll
0x00007ffe4c8a0000 - 0x00007ffe4c926000 	C:\WINDOWS\System32\fwpuclnt.dll

JVMTI agents:
c:\Users\nisha\.vscode\extensions\redhat.java-1.51.0-win32-x64\lombok\lombok-1.18.39-4050.jar path:c:\Users\nisha\.vscode\extensions\redhat.java-1.51.0-win32-x64\jre\21.0.9-win32-x86_64\bin\instrument.dll, loaded, initialized, instrumentlib options:none

dbghelp: loaded successfully - version: 4.0.5 - missing functions: none
symbol engine: initialized successfully - sym options: 0x614 - pdb path: .;c:\Users\nisha\.vscode\extensions\redhat.java-1.51.0-win32-x64\jre\21.0.9-win32-x86_64\bin;C:\WINDOWS\SYSTEM32;C:\WINDOWS\WinSxS\amd64_microsoft.windows.common-controls_6595b64144ccf1df_6.0.26100.7309_none_3e05feeae336a044;c:\Users\nisha\.vscode\extensions\redhat.java-1.51.0-win32-x64\jre\21.0.9-win32-x86_64\bin\server;C:\Users\nisha\AppData\Roaming\Code\User\globalStorage\redhat.java\1.51.0\config_win\org.eclipse.equinox.launcher\org.eclipse.equinox.launcher.win32.win32.x86_64_1.2.1400.v20250801-0854;C:\Users\nisha\AppData\Local\Temp\jna-104829201

VM Arguments:
jvm_args: --add-modules=ALL-SYSTEM --add-opens=java.base/java.util=ALL-UNNAMED --add-opens=java.base/java.lang=ALL-UNNAMED --add-opens=java.base/sun.nio.fs=ALL-UNNAMED -Declipse.application=org.eclipse.jdt.ls.core.id1 -Dosgi.bundles.defaultStartLevel=4 -Declipse.product=org.eclipse.jdt.ls.core.product -Djava.import.generatesMetadataFilesAtProjectRoot=false -DDetectVMInstallationsJob.disabled=true -Dfile.encoding=utf8 -XX:+UseParallelGC -XX:GCTimeRatio=4 -XX:AdaptiveSizePolicyWeight=90 -Dsun.zip.disableMemoryMapping=true -Xmx2G -Xms100m -Xlog:disable -javaagent:c:\Users\nisha\.vscode\extensions\redhat.java-1.51.0-win32-x64\lombok\lombok-1.18.39-4050.jar -XX:+HeapDumpOnOutOfMemoryError -XX:HeapDumpPath=c:\Users\nisha\AppData\Roaming\Code\User\workspaceStorage\29b588d7d2db7f92f777d4651a016ce0\redhat.java -Daether.dependencyCollector.impl=bf 
java_command: c:\Users\nisha\.vscode\extensions\redhat.java-1.51.0-win32-x64\server\plugins\org.eclipse.equinox.launcher_1.7.100.v20251111-0406.jar -configuration c:\Users\nisha\AppData\Roaming\Code\User\globalStorage\redhat.java\1.51.0\config_win -data c:\Users\nisha\AppData\Roaming\Code\User\workspaceStorage\29b588d7d2db7f92f777d4651a016ce0\redhat.java\jdt_ws --pipe=\\.\pipe\lsp-ba4c57fcd53519155b69641fbcba72d1-sock
java_class_path (initial): c:\Users\nisha\.vscode\extensions\redhat.java-1.51.0-win32-x64\server\plugins\org.eclipse.equinox.launcher_1.7.100.v20251111-0406.jar
Launcher Type: SUN_STANDARD

[Global flags]
    uintx AdaptiveSizePolicyWeight                 = 90                                        {product} {command line}
     intx CICompilerCount                          = 4                                         {product} {ergonomic}
    uintx GCTimeRatio                              = 4                                         {product} {command line}
     bool HeapDumpOnOutOfMemoryError               = true                                   {manageable} {command line}
    ccstr HeapDumpPath                             = c:\Users\nisha\AppData\Roaming\Code\User\workspaceStorage\29b588d7d2db7f92f777d4651a016ce0\redhat.java         {manageable} {command line}
   size_t InitialHeapSize                          = 104857600                                 {product} {command line}
   size_t MaxHeapSize                              = 2147483648                                {product} {command line}
   size_t MaxNewSize                               = 715653120                                 {product} {ergonomic}
   size_t MinHeapDeltaBytes                        = 524288                                    {product} {ergonomic}
   size_t MinHeapSize                              = 104857600                                 {product} {command line}
   size_t NewSize                                  = 34603008                                  {product} {ergonomic}
    uintx NonNMethodCodeHeapSize                   = 5839372                                {pd product} {ergonomic}
    uintx NonProfiledCodeHeapSize                  = 122909434                              {pd product} {ergonomic}
   size_t OldSize                                  = 70254592                                  {product} {ergonomic}
    uintx ProfiledCodeHeapSize                     = 122909434                              {pd product} {ergonomic}
    uintx ReservedCodeCacheSize                    = 251658240                              {pd product} {ergonomic}
     bool SegmentedCodeCache                       = true                                      {product} {ergonomic}
   size_t SoftMaxHeapSize                          = 2147483648                             {manageable} {ergonomic}
     bool UseCompressedOops                        = true                           {product lp64_product} {ergonomic}
     bool UseLargePagesIndividualAllocation        = false                                  {pd product} {ergonomic}
     bool UseParallelGC                            = true                                      {product} {command line}

Logging:
Log output configuration:
 #0: stdout all=off uptime,level,tags foldmultilines=false
 #1: stderr all=off uptime,level,tags foldmultilines=false

Release file:
JAVA_VERSION="21.0.9" 
MODULES="java.base java.compiler java.datatransfer java.xml java.prefs java.desktop java.instrument java.logging java.management java.security.sasl java.naming java.rmi java.management.rmi java.net.http java.scripting java.security.jgss java.transaction.xa java.sql java.sql.rowset java.xml.crypto java.se java.smartcardio jdk.accessibility jdk.internal.jvmstat jdk.attach jdk.charsets jdk.internal.opt jdk.zipfs jdk.compiler jdk.crypto.ec jdk.crypto.cryptoki jdk.crypto.mscapi jdk.dynalink jdk.internal.ed jdk.editpad jdk.hotspot.agent jdk.httpserver jdk.internal.le jdk.internal.vm.ci jdk.internal.vm.compiler jdk.internal.vm.compiler.management jdk.jartool jdk.javadoc jdk.jcmd jdk.management jdk.management.agent jdk.jconsole jdk.jdeps jdk.jdwp.agent jdk.jdi jdk.jfr jdk.jshell jdk.jsobject jdk.jstatd jdk.localedata jdk.management.jfr jdk.naming.dns jdk.naming.rmi jdk.net jdk.nio.mapmode jdk.random jdk.sctp jdk.security.auth jdk.security.jgss jdk.unsupported jdk.unsupported.desktop jdk.xml.dom" 

Environment Variables:
PATH=C:\Program Files\Eclipse Adoptium\jdk-17.0.17.10-hotspot\bin;C:\Program Files\Python310\Scripts\;C:\Program Files\Python310\;C:\Program Files\Common Files\Oracle\Java\javapath;C:\Program Files (x86)\Common Files\Oracle\Java\java8path;C:\Program Files (x86)\Common Files\Oracle\Java\javapath;C:\WINDOWS\system32;C:\WINDOWS;C:\WINDOWS\System32\Wbem;C:\WINDOWS\System32\WindowsPowerShell\v1.0\;C:\WINDOWS\System32\OpenSSH\;C:\Program Files\dotnet\;C:\MinGW\bin;C:\Users\nisha\AppData\Local\Muse Hub\lib;C:\Program Files\MySQL\MySQL Server 8.0\bin;C:\Program Files\Tesseract-OCR;C:\Users\nisha\AppData\Roaming\Python\Python310\Scripts;C:\Program Files\Git\cmd;C:\xampp\php;C:\Program Files\nodejs\;C:\ProgramData\chocolatey\bin;C:\Program Files\MySQL\MySQL Shell 8.0\bin\;C:\Users\nisha\AppData\Local\Microsoft\WindowsApps;;C:\Program Files\JetBrains\IntelliJ IDEA Community Edition 2024.3.1.1\bin;;C:\Users\nisha\AppData\Local\Muse Hub\lib;C:\Users\nisha\AppData\Local\Programs\Microsoft VS Code\bin;C:\Users\nisha\AppData\Local\Programs\cursor\resources\app\bin;C:\Users\nisha\AppData\Roaming\npm
USERNAME=nisha
OS=Windows_NT
PROCESSOR_IDENTIFIER=Intel64 Family 6 Model 154 Stepping 3, GenuineIntel
TMP=C:\Users\nisha\AppData\Local\Temp
TEMP=C:\Users\nisha\AppData\Local\Temp




Periodic native trim disabled

---------------  S Y S T E M  ---------------

OS:
 Windows 11 , 64 bit Build 26100 (10.0.26100.7309)
OS uptime: 0 days 1:28 hours
Hyper-V role detected

CPU: total 12 (initial active 12) (6 cores per cpu, 2 threads per core) family 6 model 154 stepping 3 microcode 0x429, cx8, cmov, fxsr, ht, mmx, 3dnowpref, sse, sse2, sse3, ssse3, sse4.1, sse4.2, popcnt, lzcnt, tsc, tscinvbit, avx, avx2, aes, erms, clmul, bmi1, bmi2, adx, sha, fma, vzeroupper, clflush, clflushopt, clwb, hv, serialize, rdtscp, rdpid, fsrm, f16c, cet_ibt, cet_ss
Processor Information for processor 0
  Max Mhz: 2000, Current Mhz: 2000, Mhz Limit: 2000
Processor Information for processor 1
  Max Mhz: 2000, Current Mhz: 2000, Mhz Limit: 2000
Processor Information for processor 2
  Max Mhz: 2000, Current Mhz: 2000, Mhz Limit: 2000
Processor Information for processor 3
  Max Mhz: 2000, Current Mhz: 2000, Mhz Limit: 2000
Processor Information for processor 4
  Max Mhz: 2000, Current Mhz: 2000, Mhz Limit: 2000
Processor Information for processor 5
  Max Mhz: 2000, Current Mhz: 2000, Mhz Limit: 2000
Processor Information for processor 6
  Max Mhz: 2000, Current Mhz: 2000, Mhz Limit: 2000
Processor Information for processor 7
  Max Mhz: 2000, Current Mhz: 2000, Mhz Limit: 2000
Processor Information for processor 8
  Max Mhz: 2000, Current Mhz: 1500, Mhz Limit: 1500
Processor Information for processor 9
  Max Mhz: 2000, Current Mhz: 1500, Mhz Limit: 1500
Processor Information for processor 10
  Max Mhz: 2000, Current Mhz: 1500, Mhz Limit: 1500
Processor Information for processor 11
  Max Mhz: 2000, Current Mhz: 1500, Mhz Limit: 1500

Memory: 4k page, system-wide physical 16076M (4128M free)
TotalPageFile size 16076M (AvailPageFile size 27M)
current process WorkingSet (physical memory assigned to process): 1366M, peak: 1416M
current process commit charge ("private bytes"): 1438M, peak: 1483M

vm_info: OpenJDK 64-Bit Server VM (21.0.9+10-LTS) for windows-amd64 JRE (21.0.9+10-LTS), built on 2025-10-21T00:00:00Z by "admin" with unknown MS VC++:1942

END.
