#
# There is insufficient memory for the Java Runtime Environment to continue.
# Native memory allocation (malloc) failed to allocate 1048576 bytes. Error detail: AllocateHeap
# Possible reasons:
#   The system is out of physical RAM or swap space
#   This process is running with CompressedOops enabled, and the Java Heap may be blocking the growth of the native heap
# Possible solutions:
#   Reduce memory load on the system
#   Increase physical memory or swap space
#   Check if swap backing store is full
#   Decrease Java heap size (-Xmx/-Xms)
#   Decrease number of Java threads
#   Decrease Java thread stack sizes (-Xss)
#   Set larger code cache with -XX:ReservedCodeCacheSize=
#   JVM is running with Unscaled Compressed Oops mode in which the Java heap is
#     placed in the first 4GB address space. The Java Heap base address is the
#     maximum limit for the native heap growth. Please use -XX:HeapBaseMinAddress
#     to set the Java Heap base and to place the Java Heap above 4GB virtual address.
# This output file may be truncated or incomplete.
#
#  Out of Memory Error (allocation.cpp:44), pid=1212, tid=14292
#
# JRE version: OpenJDK Runtime Environment Temurin-21.0.9+10 (21.0.9+10) (build 21.0.9+10-LTS)
# Java VM: OpenJDK 64-Bit Server VM Temurin-21.0.9+10 (21.0.9+10-LTS, mixed mode, sharing, tiered, compressed oops, compressed class ptrs, parallel gc, windows-amd64)
# No core dump will be written. Minidumps are not enabled by default on client versions of Windows
#

---------------  S U M M A R Y ------------

Command Line: --add-modules=ALL-SYSTEM --add-opens=java.base/java.util=ALL-UNNAMED --add-opens=java.base/java.lang=ALL-UNNAMED --add-opens=java.base/sun.nio.fs=ALL-UNNAMED -Declipse.application=org.eclipse.jdt.ls.core.id1 -Dosgi.bundles.defaultStartLevel=4 -Declipse.product=org.eclipse.jdt.ls.core.product -Djava.import.generatesMetadataFilesAtProjectRoot=false -DDetectVMInstallationsJob.disabled=true -Dfile.encoding=utf8 -XX:+UseParallelGC -XX:GCTimeRatio=4 -XX:AdaptiveSizePolicyWeight=90 -Dsun.zip.disableMemoryMapping=true -Xmx2G -Xms100m -Xlog:disable -javaagent:c:\Users\nisha\.vscode\extensions\redhat.java-1.51.0-win32-x64\lombok\lombok-1.18.39-4050.jar -XX:+HeapDumpOnOutOfMemoryError -XX:HeapDumpPath=c:\Users\nisha\AppData\Roaming\Code\User\workspaceStorage\29b588d7d2db7f92f777d4651a016ce0\redhat.java -Daether.dependencyCollector.impl=bf c:\Users\nisha\.vscode\extensions\redhat.java-1.51.0-win32-x64\server\plugins\org.eclipse.equinox.launcher_1.7.100.v20251111-0406.jar -configuration c:\Users\nisha\AppData\Roaming\Code\User\globalStorage\redhat.java\1.51.0\config_win -data c:\Users\nisha\AppData\Roaming\Code\User\workspaceStorage\29b588d7d2db7f92f777d4651a016ce0\redhat.java\jdt_ws --pipe=\\.\pipe\lsp-58ca150b46375566c02a6c52a2047780-sock

Host: 12th Gen Intel(R) Core(TM) i5-12450H, 12 cores, 15G,  Windows 11 , 64 bit Build 26100 (10.0.26100.7309)
Time: Thu Jan 15 23:42:37 2026 India Standard Time elapsed time: 120.086203 seconds (0d 0h 2m 0s)

---------------  T H R E A D  ---------------

Current thread (0x000002a350522f00):  JavaThread "Attach Listener" daemon [_thread_in_vm, id=14292, stack(0x000000bad8000000,0x000000bad8100000) (1024K)]

Stack: [0x000000bad8000000,0x000000bad8100000]
Native frames: (J=compiled Java code, j=interpreted, Vv=VM code, C=native code)
V  [jvm.dll+0x6d6e29]
V  [jvm.dll+0x8b4b76]
V  [jvm.dll+0x8b712e]
V  [jvm.dll+0x8b7813]
V  [jvm.dll+0x283d86]
V  [jvm.dll+0xc1277]
V  [jvm.dll+0x6d76d9]
V  [jvm.dll+0x133466]
V  [jvm.dll+0x3f7ea6]
V  [jvm.dll+0x85e9ad]
V  [jvm.dll+0x6d565d]
C  [ucrtbase.dll+0x37b0]
C  [KERNEL32.DLL+0x2e8d7]
C  [ntdll.dll+0x8c53c]


---------------  P R O C E S S  ---------------

Threads class SMR info:
_java_thread_list=0x000002a368581130, length=81, elements={
0x000002a35046e620, 0x000002a366f1cf70, 0x000002a366f1de80, 0x000002a35051a910,
0x000002a350522f00, 0x000002a350520e30, 0x000002a3505214c0, 0x000002a36827f2a0,
0x000002a3682a3d70, 0x000002a35051fa80, 0x000002a3505207a0, 0x000002a3505221e0,
0x000002a350520110, 0x000002a350521b50, 0x000002a3699ba090, 0x000002a3699bc160,
0x000002a3699bbad0, 0x000002a3699ba720, 0x000002a3699badb0, 0x000002a3699b9a00,
0x000002a3699be8c0, 0x000002a3699be230, 0x000002a3699bb440, 0x000002a3699bfc70,
0x000002a3699c1020, 0x000002a3698f4d70, 0x000002a3698f5400, 0x000002a3698f4050,
0x000002a3698f5a90, 0x000002a3698f2ca0, 0x000002a3698f46e0, 0x000002a3698f3330,
0x000002a3698f2610, 0x000002a3698f6120, 0x000002a3698f67b0, 0x000002a3698f39c0,
0x000002a3698f74d0, 0x000002a3698f7b60, 0x000002a3698f8f10, 0x000002a3698f81f0,
0x000002a3698f8880, 0x000002a3698f9c30, 0x000002a3698f95a0, 0x000002a36f9c2580,
0x000002a36f9c4ce0, 0x000002a36f9c32a0, 0x000002a36f9c3930, 0x000002a36f9c2c10,
0x000002a36f9c1860, 0x000002a36f9c5a00, 0x000002a36f9c6090, 0x000002a36f9c6db0,
0x000002a36f9c6720, 0x000002a36f9c7440, 0x000002a36f9c3fc0, 0x000002a36f9c7ad0,
0x000002a36f9c8160, 0x000002a36f9c87f0, 0x000002a36f9c5370, 0x000002a36f9c8e80,
0x000002a372865c30, 0x000002a372868a20, 0x000002a372867d00, 0x000002a372868390,
0x000002a3728662c0, 0x000002a3728690b0, 0x000002a372867670, 0x000002a36e2a1f70,
0x000002a36e2a2600, 0x000002a36e29fea0, 0x000002a36e2a0530, 0x000002a36e2a2c90,
0x000002a36e2a39b0, 0x000002a36e2a1250, 0x000002a36e2a5a80, 0x000002a36e2a67a0,
0x000002a3699c0300, 0x000002a3699bf5e0, 0x000002a3699bdba0, 0x000002a3731a88b0,
0x000002a371a92730
}
_to_delete_list=0x000002a37b636380, length=79, elements={
0x000002a35046e620, 0x000002a366f1cf70, 0x000002a366f1de80, 0x000002a35051a910,
0x000002a350522f00, 0x000002a350520e30, 0x000002a3505214c0, 0x000002a36827f2a0,
0x000002a3682a3d70, 0x000002a35051fa80, 0x000002a3505207a0, 0x000002a3505221e0,
0x000002a350520110, 0x000002a350521b50, 0x000002a3699ba090, 0x000002a3699bc160,
0x000002a3699bbad0, 0x000002a3699ba720, 0x000002a3699badb0, 0x000002a3699b9a00,
0x000002a3699be8c0, 0x000002a3699be230, 0x000002a3699bb440, 0x000002a3699bfc70,
0x000002a3699c1020, 0x000002a3698f4d70, 0x000002a3698f5400, 0x000002a3698f4050,
0x000002a3698f5a90, 0x000002a3698f2ca0, 0x000002a3698f46e0, 0x000002a3698f3330,
0x000002a3698f2610, 0x000002a3698f6120, 0x000002a3698f67b0, 0x000002a3698f39c0,
0x000002a3698f74d0, 0x000002a3698f7b60, 0x000002a3698f8f10, 0x000002a3698f81f0,
0x000002a3698f8880, 0x000002a3698f9c30, 0x000002a3698f95a0, 0x000002a36f9c2580,
0x000002a36f9c4ce0, 0x000002a36f9c32a0, 0x000002a36f9c3930, 0x000002a36f9c2c10,
0x000002a36f9c1860, 0x000002a36f9c5a00, 0x000002a36f9c6090, 0x000002a36f9c6db0,
0x000002a36f9c6720, 0x000002a36f9c7440, 0x000002a36f9c3fc0, 0x000002a36f9c7ad0,
0x000002a36f9c8160, 0x000002a36f9c87f0, 0x000002a36f9c5370, 0x000002a36f9c8e80,
0x000002a372865c30, 0x000002a372868a20, 0x000002a372867d00, 0x000002a372868390,
0x000002a3728662c0, 0x000002a3728690b0, 0x000002a372867670, 0x000002a36e2a1f70,
0x000002a36e2a2600, 0x000002a36e29fea0, 0x000002a36e2a0530, 0x000002a36e2a2c90,
0x000002a36e2a39b0, 0x000002a36e2a1250, 0x000002a36e2a5a80, 0x000002a36e2a67a0,
0x000002a3699c0300, 0x000002a3699bf5e0, 0x000002a3699bdba0
}

Java Threads: ( => current thread )
  0x000002a35046e620 JavaThread "main"                              [_thread_blocked, id=17600, stack(0x000000bad7900000,0x000000bad7a00000) (1024K)]
  0x000002a366f1cf70 JavaThread "Reference Handler"          daemon [_thread_blocked, id=18340, stack(0x000000bad7d00000,0x000000bad7e00000) (1024K)]
  0x000002a366f1de80 JavaThread "Finalizer"                  daemon [_thread_blocked, id=17828, stack(0x000000bad7e00000,0x000000bad7f00000) (1024K)]
  0x000002a35051a910 JavaThread "Signal Dispatcher"          daemon [_thread_blocked, id=19028, stack(0x000000bad7f00000,0x000000bad8000000) (1024K)]
=>0x000002a350522f00 JavaThread "Attach Listener"            daemon [_thread_in_vm, id=14292, stack(0x000000bad8000000,0x000000bad8100000) (1024K)]
  0x000002a350520e30 JavaThread "Service Thread"             daemon [_thread_blocked, id=11976, stack(0x000000bad8100000,0x000000bad8200000) (1024K)]
  0x000002a3505214c0 JavaThread "Monitor Deflation Thread"   daemon [_thread_blocked, id=6604, stack(0x000000bad8200000,0x000000bad8300000) (1024K)]
  0x000002a36827f2a0 JavaThread "C2 CompilerThread0"         daemon [_thread_blocked, id=20976, stack(0x000000bad8300000,0x000000bad8400000) (1024K)]
  0x000002a3682a3d70 JavaThread "C1 CompilerThread0"         daemon [_thread_blocked, id=3904, stack(0x000000bad8400000,0x000000bad8500000) (1024K)]
  0x000002a35051fa80 JavaThread "Common-Cleaner"             daemon [_thread_blocked, id=21840, stack(0x000000bad8600000,0x000000bad8700000) (1024K)]
  0x000002a3505207a0 JavaThread "Notification Thread"        daemon [_thread_blocked, id=13212, stack(0x000000bad8700000,0x000000bad8800000) (1024K)]
  0x000002a3505221e0 JavaThread "Active Thread: Equinox Container: 8ae79507-36b3-4b22-b742-b9bfab49676e"        [_thread_blocked, id=22572, stack(0x000000bad8f00000,0x000000bad9000000) (1024K)]
  0x000002a350520110 JavaThread "Refresh Thread: Equinox Container: 8ae79507-36b3-4b22-b742-b9bfab49676e" daemon [_thread_blocked, id=18216, stack(0x000000bad9100000,0x000000bad9200000) (1024K)]
  0x000002a350521b50 JavaThread "Framework Event Dispatcher: Equinox Container: 8ae79507-36b3-4b22-b742-b9bfab49676e" daemon [_thread_blocked, id=17456, stack(0x000000bad9200000,0x000000bad9300000) (1024K)]
  0x000002a3699ba090 JavaThread "Start Level: Equinox Container: 8ae79507-36b3-4b22-b742-b9bfab49676e" daemon [_thread_blocked, id=4488, stack(0x000000bad9300000,0x000000bad9400000) (1024K)]
  0x000002a3699bc160 JavaThread "Bundle File Closer"         daemon [_thread_blocked, id=22540, stack(0x000000bad9600000,0x000000bad9700000) (1024K)]
  0x000002a3699bbad0 JavaThread "SCR Component Actor"        daemon [_thread_blocked, id=1412, stack(0x000000bad9700000,0x000000bad9800000) (1024K)]
  0x000002a3699ba720 JavaThread "Worker-JM"                         [_thread_blocked, id=10172, stack(0x000000bad8800000,0x000000bad8900000) (1024K)]
  0x000002a3699badb0 JavaThread "JNA Cleaner"                daemon [_thread_blocked, id=6824, stack(0x000000bad9800000,0x000000bad9900000) (1024K)]
  0x000002a3699b9a00 JavaThread "Worker-1: Building"                [_thread_blocked, id=18088, stack(0x000000bad9a00000,0x000000bad9b00000) (1024K)]
  0x000002a3699be8c0 JavaThread "Java indexing"              daemon [_thread_blocked, id=17552, stack(0x000000bad9d00000,0x000000bad9e00000) (1024K)]
  0x000002a3699be230 JavaThread "Thread-1"                   daemon [_thread_in_native, id=11860, stack(0x000000bada300000,0x000000bada400000) (1024K)]
  0x000002a3699bb440 JavaThread "Thread-2"                   daemon [_thread_in_native, id=12852, stack(0x000000bada400000,0x000000bada500000) (1024K)]
  0x000002a3699bfc70 JavaThread "Thread-3"                   daemon [_thread_in_native, id=2760, stack(0x000000bada500000,0x000000bada600000) (1024K)]
  0x000002a3699c1020 JavaThread "Thread-4"                   daemon [_thread_in_native, id=20716, stack(0x000000bada600000,0x000000bada700000) (1024K)]
  0x000002a3698f4d70 JavaThread "Thread-5"                   daemon [_thread_in_native, id=16552, stack(0x000000bada700000,0x000000bada800000) (1024K)]
  0x000002a3698f5400 JavaThread "Thread-6"                   daemon [_thread_in_native, id=22996, stack(0x000000bada800000,0x000000bada900000) (1024K)]
  0x000002a3698f4050 JavaThread "Thread-7"                   daemon [_thread_in_native, id=12440, stack(0x000000bada900000,0x000000badaa00000) (1024K)]
  0x000002a3698f5a90 JavaThread "Thread-8"                   daemon [_thread_in_native, id=18280, stack(0x000000badaa00000,0x000000badab00000) (1024K)]
  0x000002a3698f2ca0 JavaThread "Thread-9"                   daemon [_thread_in_native, id=21408, stack(0x000000badab00000,0x000000badac00000) (1024K)]
  0x000002a3698f46e0 JavaThread "Thread-10"                  daemon [_thread_in_native, id=10968, stack(0x000000badac00000,0x000000badad00000) (1024K)]
  0x000002a3698f3330 JavaThread "Thread-11"                  daemon [_thread_in_native, id=17276, stack(0x000000badad00000,0x000000badae00000) (1024K)]
  0x000002a3698f2610 JavaThread "Thread-12"                  daemon [_thread_in_native, id=17172, stack(0x000000badae00000,0x000000badaf00000) (1024K)]
  0x000002a3698f6120 JavaThread "Thread-13"                  daemon [_thread_in_native, id=17916, stack(0x000000badaf00000,0x000000badb000000) (1024K)]
  0x000002a3698f67b0 JavaThread "pool-2-thread-1"                   [_thread_blocked, id=21948, stack(0x000000badb000000,0x000000badb100000) (1024K)]
  0x000002a3698f39c0 JavaThread "WorkspaceEventsHandler"            [_thread_blocked, id=18284, stack(0x000000badb100000,0x000000badb200000) (1024K)]
  0x000002a3698f74d0 JavaThread "pool-1-thread-1"                   [_thread_blocked, id=10864, stack(0x000000badb200000,0x000000badb300000) (1024K)]
  0x000002a3698f7b60 JavaThread "ForkJoinPool.commonPool-worker-1" daemon [_thread_blocked, id=5464, stack(0x000000badb300000,0x000000badb400000) (1024K)]
  0x000002a3698f8f10 JavaThread "ForkJoinPool.commonPool-worker-2" daemon [_thread_blocked, id=21728, stack(0x000000badb400000,0x000000badb500000) (1024K)]
  0x000002a3698f81f0 JavaThread "ForkJoinPool.commonPool-worker-3" daemon [_thread_blocked, id=22008, stack(0x000000badb500000,0x000000badb600000) (1024K)]
  0x000002a3698f8880 JavaThread "ForkJoinPool.commonPool-worker-5" daemon [_thread_blocked, id=21076, stack(0x000000badb600000,0x000000badb700000) (1024K)]
  0x000002a3698f9c30 JavaThread "ForkJoinPool.commonPool-worker-4" daemon [_thread_blocked, id=10076, stack(0x000000badb700000,0x000000badb800000) (1024K)]
  0x000002a3698f95a0 JavaThread "ForkJoinPool.commonPool-worker-6" daemon [_thread_blocked, id=17316, stack(0x000000badb800000,0x000000badb900000) (1024K)]
  0x000002a36f9c2580 JavaThread "ForkJoinPool.commonPool-worker-7" daemon [_thread_blocked, id=16820, stack(0x000000badb900000,0x000000badba00000) (1024K)]
  0x000002a36f9c4ce0 JavaThread "ForkJoinPool.commonPool-worker-8" daemon [_thread_blocked, id=2560, stack(0x000000badba00000,0x000000badbb00000) (1024K)]
  0x000002a36f9c32a0 JavaThread "ForkJoinPool.commonPool-worker-9" daemon [_thread_blocked, id=12628, stack(0x000000badbb00000,0x000000badbc00000) (1024K)]
  0x000002a36f9c3930 JavaThread "ForkJoinPool.commonPool-worker-10" daemon [_thread_blocked, id=21392, stack(0x000000badbc00000,0x000000badbd00000) (1024K)]
  0x000002a36f9c2c10 JavaThread "ForkJoinPool.commonPool-worker-11" daemon [_thread_blocked, id=22028, stack(0x000000badbd00000,0x000000badbe00000) (1024K)]
  0x000002a36f9c1860 JavaThread "LocalFile Deleter"          daemon [_thread_blocked, id=16328, stack(0x000000badbf00000,0x000000badc000000) (1024K)]
  0x000002a36f9c5a00 JavaThread "LocalFile Deleter"          daemon [_thread_blocked, id=19548, stack(0x000000badc000000,0x000000badc100000) (1024K)]
  0x000002a36f9c6090 JavaThread "LocalFile Deleter"          daemon [_thread_blocked, id=1716, stack(0x000000badc100000,0x000000badc200000) (1024K)]
  0x000002a36f9c6db0 JavaThread "LocalFile Deleter"          daemon [_thread_blocked, id=21624, stack(0x000000badc200000,0x000000badc300000) (1024K)]
  0x000002a36f9c6720 JavaThread "LocalFile Deleter"          daemon [_thread_blocked, id=5136, stack(0x000000badc300000,0x000000badc400000) (1024K)]
  0x000002a36f9c7440 JavaThread "LocalFile Deleter"          daemon [_thread_blocked, id=6584, stack(0x000000badc400000,0x000000badc500000) (1024K)]
  0x000002a36f9c3fc0 JavaThread "LocalFile Deleter"          daemon [_thread_blocked, id=18152, stack(0x000000badc500000,0x000000badc600000) (1024K)]
  0x000002a36f9c7ad0 JavaThread "LocalFile Deleter"          daemon [_thread_blocked, id=13696, stack(0x000000badc600000,0x000000badc700000) (1024K)]
  0x000002a36f9c8160 JavaThread "LocalFile Deleter"          daemon [_thread_blocked, id=1380, stack(0x000000badc700000,0x000000badc800000) (1024K)]
  0x000002a36f9c87f0 JavaThread "LocalFile Deleter"          daemon [_thread_blocked, id=22348, stack(0x000000badc800000,0x000000badc900000) (1024K)]
  0x000002a36f9c5370 JavaThread "LocalFile Deleter"          daemon [_thread_blocked, id=22372, stack(0x000000badc900000,0x000000badca00000) (1024K)]
  0x000002a36f9c8e80 JavaThread "Compiler Source File Reader" daemon [_thread_blocked, id=19772, stack(0x000000badca00000,0x000000badcb00000) (1024K)]
  0x000002a372865c30 JavaThread "Compiler Source File Reader" daemon [_thread_blocked, id=21048, stack(0x000000badcb00000,0x000000badcc00000) (1024K)]
  0x000002a372868a20 JavaThread "Compiler Source File Reader" daemon [_thread_blocked, id=1232, stack(0x000000badcc00000,0x000000badcd00000) (1024K)]
  0x000002a372867d00 JavaThread "Compiler Source File Reader" daemon [_thread_blocked, id=21576, stack(0x000000badcd00000,0x000000badce00000) (1024K)]
  0x000002a372868390 JavaThread "Compiler Source File Reader" daemon [_thread_blocked, id=11532, stack(0x000000badce00000,0x000000badcf00000) (1024K)]
  0x000002a3728662c0 JavaThread "Compiler Class File Writer" daemon [_thread_blocked, id=14544, stack(0x000000badd000000,0x000000badd100000) (1024K)]
  0x000002a3728690b0 JavaThread "Compiler Class File Writer" daemon [_thread_blocked, id=18840, stack(0x000000badd100000,0x000000badd200000) (1024K)]
  0x000002a372867670 JavaThread "Compiler Class File Writer" daemon [_thread_blocked, id=22968, stack(0x000000badd200000,0x000000badd300000) (1024K)]
  0x000002a36e2a1f70 JavaThread "Compiler Class File Writer" daemon [_thread_blocked, id=21308, stack(0x000000badd300000,0x000000badd400000) (1024K)]
  0x000002a36e2a2600 JavaThread "Compiler Class File Writer" daemon [_thread_blocked, id=22364, stack(0x000000badd400000,0x000000badd500000) (1024K)]
  0x000002a36e29fea0 JavaThread "Compiler Source File Reader" daemon [_thread_blocked, id=22672, stack(0x000000badd500000,0x000000badd600000) (1024K)]
  0x000002a36e2a0530 JavaThread "Compiler Class File Writer" daemon [_thread_blocked, id=14148, stack(0x000000badd600000,0x000000badd700000) (1024K)]
  0x000002a36e2a2c90 JavaThread "Cleaner-0"                  daemon [_thread_blocked, id=3932, stack(0x000000badd700000,0x000000badd800000) (1024K)]
  0x000002a36e2a39b0 JavaThread "Compiler Source File Reader" daemon [_thread_blocked, id=19644, stack(0x000000badd800000,0x000000badd900000) (1024K)]
  0x000002a36e2a1250 JavaThread "Compiler Source File Reader" daemon [_thread_blocked, id=17596, stack(0x000000bad9c00000,0x000000bad9d00000) (1024K)]
  0x000002a36e2a5a80 JavaThread "Compiler Source File Reader" daemon [_thread_blocked, id=11112, stack(0x000000bad8500000,0x000000bad8600000) (1024K)]
  0x000002a36e2a67a0 JavaThread "Compiler Source File Reader" daemon [_thread_blocked, id=20636, stack(0x000000bad7800000,0x000000bad7900000) (1024K)]
  0x000002a3699c0300 JavaThread "Worker-6: Updating workspace"        [_thread_blocked, id=20960, stack(0x000000bad9900000,0x000000bad9a00000) (1024K)]
  0x000002a3699bf5e0 JavaThread "Worker-7: Publish Diagnostics"        [_thread_blocked, id=21080, stack(0x000000bad7600000,0x000000bad7700000) (1024K)]
  0x000002a3699bdba0 JavaThread "Compiler Processing Task"   daemon [_thread_blocked, id=4916, stack(0x000000bad9e00000,0x000000bad9f00000) (1024K)]
  0x000002a3731a88b0 JavaThread "Worker-8"                          [_thread_blocked, id=10832, stack(0x000000bad9b00000,0x000000bad9c00000) (1024K)]
  0x000002a371a92730 JavaThread "C2 CompilerThread1"         daemon [_thread_blocked, id=18824, stack(0x000000bad7700000,0x000000bad7800000) (1024K)]
Total: 81

Other Threads:
  0x000002a3505129a0 VMThread "VM Thread"                           [id=6308, stack(0x000000bad7c00000,0x000000bad7d00000) (1024K)] _threads_hazard_ptr=0x000002a37b636380
  0x000002a366dfc8d0 WatcherThread "VM Periodic Task Thread"        [id=1856, stack(0x000000bad7b00000,0x000000bad7c00000) (1024K)]
  0x000002a35048dc20 WorkerThread "GC Thread#0"                     [id=6240, stack(0x000000bad7a00000,0x000000bad7b00000) (1024K)]
  0x000002a3699f8af0 WorkerThread "GC Thread#1"                     [id=19108, stack(0x000000bad8900000,0x000000bad8a00000) (1024K)]
  0x000002a369961a50 WorkerThread "GC Thread#2"                     [id=21648, stack(0x000000bad8a00000,0x000000bad8b00000) (1024K)]
  0x000002a369961df0 WorkerThread "GC Thread#3"                     [id=18344, stack(0x000000bad8b00000,0x000000bad8c00000) (1024K)]
  0x000002a36e1c0d10 WorkerThread "GC Thread#4"                     [id=22660, stack(0x000000bad8c00000,0x000000bad8d00000) (1024K)]
  0x000002a36e1c10b0 WorkerThread "GC Thread#5"                     [id=6384, stack(0x000000bad8d00000,0x000000bad8e00000) (1024K)]
  0x000002a36e1c1450 WorkerThread "GC Thread#6"                     [id=13584, stack(0x000000bad8e00000,0x000000bad8f00000) (1024K)]
  0x000002a3697fb2e0 WorkerThread "GC Thread#7"                     [id=16932, stack(0x000000bad9000000,0x000000bad9100000) (1024K)]
  0x000002a3699cf300 WorkerThread "GC Thread#8"                     [id=21132, stack(0x000000bad9400000,0x000000bad9500000) (1024K)]
  0x000002a3699ce0e0 WorkerThread "GC Thread#9"                     [id=18924, stack(0x000000bad9500000,0x000000bad9600000) (1024K)]
Total: 12

Threads with active compile tasks:
Total: 0

VM state: not at safepoint (normal execution)

VM Mutex/Monitor currently owned by a thread:  ([mutex/lock_event])
[0x00007ffdaccdd670] Heap_lock - owner thread: 0x000002a3699bf5e0

Heap address: 0x0000000080000000, size: 2048 MB, Compressed Oops mode: 32-bit

CDS archive(s) mapped at: [0x000002a300000000-0x000002a300ba0000-0x000002a300ba0000), size 12189696, SharedBaseAddress: 0x000002a300000000, ArchiveRelocationMode: 1.
Compressed class space mapped at: 0x000002a301000000-0x000002a341000000, reserved size: 1073741824
Narrow klass base: 0x000002a300000000, Narrow klass shift: 0, Narrow klass range: 0x100000000

GC Precious Log:
 CardTable entry size: 512
 CPUs: 12 total, 12 available
 Memory: 16076M
 Large Page Support: Disabled
 NUMA Support: Disabled
 Compressed Oops: Enabled (32-bit)
 Alignments: Space 512K, Generation 512K, Heap 2M
 Heap Min Capacity: 100M
 Heap Initial Capacity: 100M
 Heap Max Capacity: 2G
 Pre-touch: Disabled
 Parallel Workers: 10

Heap:
 PSYoungGen      total 8192K, used 7930K [0x00000000d5580000, 0x00000000d5f00000, 0x0000000100000000)
  eden space 7168K, 100% used [0x00000000d5580000,0x00000000d5c80000,0x00000000d5c80000)
  from space 1024K, 74% used [0x00000000d5e00000,0x00000000d5ebe900,0x00000000d5f00000)
  to   space 1024K, 0% used [0x00000000d5c80000,0x00000000d5c80000,0x00000000d5d80000)
 ParOldGen       total 535552K, used 535052K [0x0000000080000000, 0x00000000a0b00000, 0x00000000d5580000)
  object space 535552K, 99% used [0x0000000080000000,0x00000000a0a83210,0x00000000a0b00000)
 Metaspace       used 73719K, committed 75328K, reserved 1179648K
  class space    used 7691K, committed 8384K, reserved 1048576K

Card table byte_map: [0x000002a34fe10000,0x000002a350220000] _byte_map_base: 0x000002a34fa10000

Marking Bits: (ParMarkBitMap*) 0x00007ffdacce2460
 Begin Bits: [0x000002a362920000, 0x000002a364920000)
 End Bits:   [0x000002a364920000, 0x000002a366920000)

Polling page: 0x000002a34e2b0000

Metaspace:

Usage:
  Non-class:     64.48 MB used.
      Class:      7.51 MB used.
       Both:     71.99 MB used.

Virtual space:
  Non-class space:      128.00 MB reserved,      65.38 MB ( 51%) committed,  2 nodes.
      Class space:        1.00 GB reserved,       8.19 MB ( <1%) committed,  1 nodes.
             Both:        1.12 GB reserved,      73.56 MB (  6%) committed. 

Chunk freelists:
   Non-Class:  14.69 MB
       Class:  7.65 MB
        Both:  22.34 MB

MaxMetaspaceSize: unlimited
CompressedClassSpaceSize: 1.00 GB
Initial GC threshold: 21.00 MB
Current GC threshold: 97.31 MB
CDS: on
 - commit_granule_bytes: 65536.
 - commit_granule_words: 8192.
 - virtual_space_node_default_size: 8388608.
 - enlarge_chunks_in_place: 1.
 - use_allocation_guard: 0.


Internal statistics:

num_allocs_failed_limit: 11.
num_arena_births: 1442.
num_arena_deaths: 14.
num_vsnodes_births: 3.
num_vsnodes_deaths: 0.
num_space_committed: 1177.
num_space_uncommitted: 0.
num_chunks_returned_to_freelist: 25.
num_chunks_taken_from_freelist: 5105.
num_chunk_merges: 15.
num_chunk_splits: 3090.
num_chunks_enlarged: 1640.
num_inconsistent_stats: 0.

CodeHeap 'non-profiled nmethods': size=120000Kb used=11636Kb max_used=11636Kb free=108363Kb
 bounds [0x000002a35b140000, 0x000002a35bca0000, 0x000002a362670000]
CodeHeap 'profiled nmethods': size=120000Kb used=30804Kb max_used=30804Kb free=89196Kb
 bounds [0x000002a353670000, 0x000002a355490000, 0x000002a35aba0000]
CodeHeap 'non-nmethods': size=5760Kb used=1470Kb max_used=1551Kb free=4289Kb
 bounds [0x000002a35aba0000, 0x000002a35ae10000, 0x000002a35b140000]
CodeCache: size=245760Kb, used=43910Kb, max_used=43991Kb, free=201848Kb
 total_blobs=14342, nmethods=13552, adapters=695, full_count=0
Compilation: enabled, stopped_count=0, restarted_count=0

Compilation events (20 events):
Event: 118.048 Thread 0x000002a3682a3d70 14433       3       org.eclipse.jdt.internal.core.NamedMember::getTypeQualifiedName (271 bytes)
Event: 118.049 Thread 0x000002a3682a3d70 nmethod 14433 0x000002a35545ac90 code [0x000002a35545b0e0, 0x000002a35545cfe0]
Event: 118.054 Thread 0x000002a36827f2a0 14435       4       org.eclipse.jdt.internal.core.JavaElementRequestor::acceptPackageFragment (28 bytes)
Event: 118.055 Thread 0x000002a3682a3d70 14436       3       org.eclipse.jdt.internal.compiler.parser.Parser::consumeModifiers2 (31 bytes)
Event: 118.055 Thread 0x000002a3682a3d70 nmethod 14436 0x000002a35545d910 code [0x000002a35545dac0, 0x000002a35545dc28]
Event: 118.055 Thread 0x000002a3682a3d70 14437       3       org.eclipse.jdt.internal.compiler.parser.Parser::consumeEnterVariable (804 bytes)
Event: 118.058 Thread 0x000002a3682a3d70 nmethod 14437 0x000002a35545dd10 code [0x000002a35545e0c0, 0x000002a355460000]
Event: 118.059 Thread 0x000002a3682a3d70 14438       3       lombok.eclipse.handlers.EclipseHandlerUtil::methodExists (280 bytes)
Event: 119.069 Thread 0x000002a36827f2a0 nmethod 14435 0x000002a35bc9a710 code [0x000002a35bc9a8e0, 0x000002a35bc9ad00]
Event: 119.069 Thread 0x000002a36827f2a0 14439   !   4       lombok.core.AST::readConfiguration (58 bytes)
Event: 119.070 Thread 0x000002a3682a3d70 nmethod 14438 0x000002a355460b90 code [0x000002a355460e60, 0x000002a355462180]
Event: 119.071 Thread 0x000002a3682a3d70 14441       3       org.eclipse.jdt.internal.compiler.ast.QualifiedTypeReference::traverse (99 bytes)
Event: 119.071 Thread 0x000002a3682a3d70 nmethod 14441 0x000002a355462690 code [0x000002a3554628a0, 0x000002a355462f58]
Event: 119.071 Thread 0x000002a3682a3d70 14442       3       org.eclipse.jdt.internal.compiler.ASTVisitor::endVisit (1 bytes)
Event: 119.071 Thread 0x000002a3682a3d70 nmethod 14442 0x000002a355463290 code [0x000002a355463420, 0x000002a355463528]
Event: 119.072 Thread 0x000002a3682a3d70 14440       3       org.eclipse.jdt.internal.compiler.ast.NullLiteral::<init> (7 bytes)
Event: 119.072 Thread 0x000002a3682a3d70 nmethod 14440 0x000002a355463590 code [0x000002a355463760, 0x000002a355463ac0]
Event: 119.073 Thread 0x000002a3682a3d70 14443       3       org.eclipse.core.internal.jobs.ThreadJob::pop (53 bytes)
Event: 119.074 Thread 0x000002a3682a3d70 nmethod 14443 0x000002a355463c90 code [0x000002a355463e60, 0x000002a355464218]
Event: 119.074 Thread 0x000002a3682a3d70 14444       3       org.eclipse.jdt.internal.core.DeltaProcessor$2::visit (84 bytes)

GC Heap History (20 events):
Event: 114.749 GC heap before
{Heap before GC invocations=332 (full 3):
 PSYoungGen      total 6656K, used 6636K [0x00000000d5580000, 0x00000000d6180000, 0x0000000100000000)
  eden space 3584K, 100% used [0x00000000d5580000,0x00000000d5900000,0x00000000d5900000)
  from space 3072K, 99% used [0x00000000d5c80000,0x00000000d5f7b3b8,0x00000000d5f80000)
  to   space 3584K, 0% used [0x00000000d5900000,0x00000000d5900000,0x00000000d5c80000)
 ParOldGen       total 489472K, used 488993K [0x0000000080000000, 0x000000009de00000, 0x00000000d5580000)
  object space 489472K, 99% used [0x0000000080000000,0x000000009dd88580,0x000000009de00000)
 Metaspace       used 73448K, committed 75072K, reserved 1179648K
  class space    used 7684K, committed 8384K, reserved 1048576K
}
Event: 114.752 GC heap after
{Heap after GC invocations=332 (full 3):
 PSYoungGen      total 7168K, used 3561K [0x00000000d5580000, 0x00000000d6900000, 0x0000000100000000)
  eden space 3584K, 0% used [0x00000000d5580000,0x00000000d5580000,0x00000000d5900000)
  from space 3584K, 99% used [0x00000000d5900000,0x00000000d5c7a440,0x00000000d5c80000)
  to   space 7680K, 0% used [0x00000000d6180000,0x00000000d6180000,0x00000000d6900000)
 ParOldGen       total 492032K, used 492001K [0x0000000080000000, 0x000000009e080000, 0x00000000d5580000)
  object space 492032K, 99% used [0x0000000080000000,0x000000009e078528,0x000000009e080000)
 Metaspace       used 73448K, committed 75072K, reserved 1179648K
  class space    used 7684K, committed 8384K, reserved 1048576K
}
Event: 114.757 GC heap before
{Heap before GC invocations=333 (full 3):
 PSYoungGen      total 7168K, used 7145K [0x00000000d5580000, 0x00000000d6900000, 0x0000000100000000)
  eden space 3584K, 100% used [0x00000000d5580000,0x00000000d5900000,0x00000000d5900000)
  from space 3584K, 99% used [0x00000000d5900000,0x00000000d5c7a440,0x00000000d5c80000)
  to   space 7680K, 0% used [0x00000000d6180000,0x00000000d6180000,0x00000000d6900000)
 ParOldGen       total 492032K, used 492001K [0x0000000080000000, 0x000000009e080000, 0x00000000d5580000)
  object space 492032K, 99% used [0x0000000080000000,0x000000009e078528,0x000000009e080000)
 Metaspace       used 73448K, committed 75072K, reserved 1179648K
  class space    used 7684K, committed 8384K, reserved 1048576K
}
Event: 114.761 GC heap after
{Heap after GC invocations=333 (full 3):
 PSYoungGen      total 7680K, used 3062K [0x00000000d5580000, 0x00000000d6480000, 0x0000000100000000)
  eden space 4608K, 0% used [0x00000000d5580000,0x00000000d5580000,0x00000000d5a00000)
  from space 3072K, 99% used [0x00000000d6180000,0x00000000d647d910,0x00000000d6480000)
  to   space 4608K, 0% used [0x00000000d5b80000,0x00000000d5b80000,0x00000000d6000000)
 ParOldGen       total 495616K, used 495513K [0x0000000080000000, 0x000000009e400000, 0x00000000d5580000)
  object space 495616K, 99% used [0x0000000080000000,0x000000009e3e6528,0x000000009e400000)
 Metaspace       used 73448K, committed 75072K, reserved 1179648K
  class space    used 7684K, committed 8384K, reserved 1048576K
}
Event: 114.770 GC heap before
{Heap before GC invocations=334 (full 3):
 PSYoungGen      total 7680K, used 7378K [0x00000000d5580000, 0x00000000d6480000, 0x0000000100000000)
  eden space 4608K, 93% used [0x00000000d5580000,0x00000000d59b71e8,0x00000000d5a00000)
  from space 3072K, 99% used [0x00000000d6180000,0x00000000d647d910,0x00000000d6480000)
  to   space 4608K, 0% used [0x00000000d5b80000,0x00000000d5b80000,0x00000000d6000000)
 ParOldGen       total 495616K, used 495513K [0x0000000080000000, 0x000000009e400000, 0x00000000d5580000)
  object space 495616K, 99% used [0x0000000080000000,0x000000009e3e6528,0x000000009e400000)
 Metaspace       used 73448K, committed 75072K, reserved 1179648K
  class space    used 7684K, committed 8384K, reserved 1048576K
}
Event: 114.773 GC heap after
{Heap after GC invocations=334 (full 3):
 PSYoungGen      total 8192K, used 2560K [0x00000000d5580000, 0x00000000d6200000, 0x0000000100000000)
  eden space 5632K, 0% used [0x00000000d5580000,0x00000000d5580000,0x00000000d5b00000)
  from space 2560K, 100% used [0x00000000d5b80000,0x00000000d5e00000,0x00000000d5e00000)
  to   space 3072K, 0% used [0x00000000d5f00000,0x00000000d5f00000,0x00000000d6200000)
 ParOldGen       total 498688K, used 498472K [0x0000000080000000, 0x000000009e700000, 0x00000000d5580000)
  object space 498688K, 99% used [0x0000000080000000,0x000000009e6ca3b0,0x000000009e700000)
 Metaspace       used 73448K, committed 75072K, reserved 1179648K
  class space    used 7684K, committed 8384K, reserved 1048576K
}
Event: 115.063 GC heap before
{Heap before GC invocations=335 (full 3):
 PSYoungGen      total 8192K, used 8192K [0x00000000d5580000, 0x00000000d6200000, 0x0000000100000000)
  eden space 5632K, 100% used [0x00000000d5580000,0x00000000d5b00000,0x00000000d5b00000)
  from space 2560K, 100% used [0x00000000d5b80000,0x00000000d5e00000,0x00000000d5e00000)
  to   space 3072K, 0% used [0x00000000d5f00000,0x00000000d5f00000,0x00000000d6200000)
 ParOldGen       total 530432K, used 529192K [0x0000000080000000, 0x00000000a0600000, 0x00000000d5580000)
  object space 530432K, 99% used [0x0000000080000000,0x00000000a04ca3e0,0x00000000a0600000)
 Metaspace       used 73476K, committed 75072K, reserved 1179648K
  class space    used 7684K, committed 8384K, reserved 1048576K
}
Event: 115.066 GC heap after
{Heap after GC invocations=335 (full 3):
 PSYoungGen      total 8704K, used 1060K [0x00000000d5580000, 0x00000000d6080000, 0x0000000100000000)
  eden space 7168K, 0% used [0x00000000d5580000,0x00000000d5580000,0x00000000d5c80000)
  from space 1536K, 69% used [0x00000000d5f00000,0x00000000d6009200,0x00000000d6080000)
  to   space 2048K, 0% used [0x00000000d5c80000,0x00000000d5c80000,0x00000000d5e80000)
 ParOldGen       total 531456K, used 531288K [0x0000000080000000, 0x00000000a0700000, 0x00000000d5580000)
  object space 531456K, 99% used [0x0000000080000000,0x00000000a06d63e0,0x00000000a0700000)
 Metaspace       used 73476K, committed 75072K, reserved 1179648K
  class space    used 7684K, committed 8384K, reserved 1048576K
}
Event: 115.086 GC heap before
{Heap before GC invocations=336 (full 3):
 PSYoungGen      total 8704K, used 8228K [0x00000000d5580000, 0x00000000d6080000, 0x0000000100000000)
  eden space 7168K, 100% used [0x00000000d5580000,0x00000000d5c80000,0x00000000d5c80000)
  from space 1536K, 69% used [0x00000000d5f00000,0x00000000d6009200,0x00000000d6080000)
  to   space 2048K, 0% used [0x00000000d5c80000,0x00000000d5c80000,0x00000000d5e80000)
 ParOldGen       total 531456K, used 531288K [0x0000000080000000, 0x00000000a0700000, 0x00000000d5580000)
  object space 531456K, 99% used [0x0000000080000000,0x00000000a06d63e0,0x00000000a0700000)
 Metaspace       used 73477K, committed 75072K, reserved 1179648K
  class space    used 7684K, committed 8384K, reserved 1048576K
}
Event: 115.089 GC heap after
{Heap after GC invocations=336 (full 3):
 PSYoungGen      total 9216K, used 442K [0x00000000d5580000, 0x00000000d6000000, 0x0000000100000000)
  eden space 7168K, 0% used [0x00000000d5580000,0x00000000d5580000,0x00000000d5c80000)
  from space 2048K, 21% used [0x00000000d5c80000,0x00000000d5cee900,0x00000000d5e80000)
  to   space 1024K, 0% used [0x00000000d5f00000,0x00000000d5f00000,0x00000000d6000000)
 ParOldGen       total 532480K, used 532104K [0x0000000080000000, 0x00000000a0800000, 0x00000000d5580000)
  object space 532480K, 99% used [0x0000000080000000,0x00000000a07a23e0,0x00000000a0800000)
 Metaspace       used 73477K, committed 75072K, reserved 1179648K
  class space    used 7684K, committed 8384K, reserved 1048576K
}
Event: 115.368 GC heap before
{Heap before GC invocations=337 (full 3):
 PSYoungGen      total 9216K, used 7610K [0x00000000d5580000, 0x00000000d6000000, 0x0000000100000000)
  eden space 7168K, 100% used [0x00000000d5580000,0x00000000d5c80000,0x00000000d5c80000)
  from space 2048K, 21% used [0x00000000d5c80000,0x00000000d5cee900,0x00000000d5e80000)
  to   space 1024K, 0% used [0x00000000d5f00000,0x00000000d5f00000,0x00000000d6000000)
 ParOldGen       total 532480K, used 532104K [0x0000000080000000, 0x00000000a0800000, 0x00000000d5580000)
  object space 532480K, 99% used [0x0000000080000000,0x00000000a07a23e0,0x00000000a0800000)
 Metaspace       used 73489K, committed 75072K, reserved 1179648K
  class space    used 7684K, committed 8384K, reserved 1048576K
}
Event: 115.370 GC heap after
{Heap after GC invocations=337 (full 3):
 PSYoungGen      total 8192K, used 756K [0x00000000d5580000, 0x00000000d6000000, 0x0000000100000000)
  eden space 7168K, 0% used [0x00000000d5580000,0x00000000d5580000,0x00000000d5c80000)
  from space 1024K, 73% used [0x00000000d5f00000,0x00000000d5fbd200,0x00000000d6000000)
  to   space 1024K, 0% used [0x00000000d5e00000,0x00000000d5e00000,0x00000000d5f00000)
 ParOldGen       total 532480K, used 532136K [0x0000000080000000, 0x00000000a0800000, 0x00000000d5580000)
  object space 532480K, 99% used [0x0000000080000000,0x00000000a07aa3e0,0x00000000a0800000)
 Metaspace       used 73489K, committed 75072K, reserved 1179648K
  class space    used 7684K, committed 8384K, reserved 1048576K
}
Event: 115.400 GC heap before
{Heap before GC invocations=338 (full 3):
 PSYoungGen      total 8192K, used 7924K [0x00000000d5580000, 0x00000000d6000000, 0x0000000100000000)
  eden space 7168K, 100% used [0x00000000d5580000,0x00000000d5c80000,0x00000000d5c80000)
  from space 1024K, 73% used [0x00000000d5f00000,0x00000000d5fbd200,0x00000000d6000000)
  to   space 1024K, 0% used [0x00000000d5e00000,0x00000000d5e00000,0x00000000d5f00000)
 ParOldGen       total 532480K, used 532136K [0x0000000080000000, 0x00000000a0800000, 0x00000000d5580000)
  object space 532480K, 99% used [0x0000000080000000,0x00000000a07aa3e0,0x00000000a0800000)
 Metaspace       used 73528K, committed 75136K, reserved 1179648K
  class space    used 7685K, committed 8384K, reserved 1048576K
}
Event: 115.402 GC heap after
{Heap after GC invocations=338 (full 3):
 PSYoungGen      total 8192K, used 948K [0x00000000d5580000, 0x00000000d5f80000, 0x0000000100000000)
  eden space 7168K, 0% used [0x00000000d5580000,0x00000000d5580000,0x00000000d5c80000)
  from space 1024K, 92% used [0x00000000d5e00000,0x00000000d5eed200,0x00000000d5f00000)
  to   space 512K, 0% used [0x00000000d5f00000,0x00000000d5f00000,0x00000000d5f80000)
 ParOldGen       total 532992K, used 532689K [0x0000000080000000, 0x00000000a0880000, 0x00000000d5580000)
  object space 532992K, 99% used [0x0000000080000000,0x00000000a08347d0,0x00000000a0880000)
 Metaspace       used 73528K, committed 75136K, reserved 1179648K
  class space    used 7685K, committed 8384K, reserved 1048576K
}
Event: 116.830 GC heap before
{Heap before GC invocations=339 (full 3):
 PSYoungGen      total 8192K, used 8116K [0x00000000d5580000, 0x00000000d5f80000, 0x0000000100000000)
  eden space 7168K, 100% used [0x00000000d5580000,0x00000000d5c80000,0x00000000d5c80000)
  from space 1024K, 92% used [0x00000000d5e00000,0x00000000d5eed200,0x00000000d5f00000)
  to   space 512K, 0% used [0x00000000d5f00000,0x00000000d5f00000,0x00000000d5f80000)
 ParOldGen       total 532992K, used 532689K [0x0000000080000000, 0x00000000a0880000, 0x00000000d5580000)
  object space 532992K, 99% used [0x0000000080000000,0x00000000a08347d0,0x00000000a0880000)
 Metaspace       used 73555K, committed 75136K, reserved 1179648K
  class space    used 7685K, committed 8384K, reserved 1048576K
}
Event: 116.832 GC heap after
{Heap after GC invocations=339 (full 3):
 PSYoungGen      total 7680K, used 490K [0x00000000d5580000, 0x00000000d6080000, 0x0000000100000000)
  eden space 7168K, 0% used [0x00000000d5580000,0x00000000d5580000,0x00000000d5c80000)
  from space 512K, 95% used [0x00000000d5f00000,0x00000000d5f7a910,0x00000000d5f80000)
  to   space 2048K, 0% used [0x00000000d5c80000,0x00000000d5c80000,0x00000000d5e80000)
 ParOldGen       total 534016K, used 533823K [0x0000000080000000, 0x00000000a0980000, 0x00000000d5580000)
  object space 534016K, 99% used [0x0000000080000000,0x00000000a094ffe0,0x00000000a0980000)
 Metaspace       used 73555K, committed 75136K, reserved 1179648K
  class space    used 7685K, committed 8384K, reserved 1048576K
}
Event: 116.926 GC heap before
{Heap before GC invocations=340 (full 3):
 PSYoungGen      total 7680K, used 7658K [0x00000000d5580000, 0x00000000d6080000, 0x0000000100000000)
  eden space 7168K, 100% used [0x00000000d5580000,0x00000000d5c80000,0x00000000d5c80000)
  from space 512K, 95% used [0x00000000d5f00000,0x00000000d5f7a910,0x00000000d5f80000)
  to   space 2048K, 0% used [0x00000000d5c80000,0x00000000d5c80000,0x00000000d5e80000)
 ParOldGen       total 534016K, used 533823K [0x0000000080000000, 0x00000000a0980000, 0x00000000d5580000)
  object space 534016K, 99% used [0x0000000080000000,0x00000000a094ffe0,0x00000000a0980000)
 Metaspace       used 73615K, committed 75200K, reserved 1179648K
  class space    used 7685K, committed 8384K, reserved 1048576K
}
Event: 116.928 GC heap after
{Heap after GC invocations=340 (full 3):
 PSYoungGen      total 8192K, used 832K [0x00000000d5580000, 0x00000000d5f80000, 0x0000000100000000)
  eden space 7168K, 0% used [0x00000000d5580000,0x00000000d5580000,0x00000000d5c80000)
  from space 1024K, 81% used [0x00000000d5c80000,0x00000000d5d50000,0x00000000d5d80000)
  to   space 1536K, 0% used [0x00000000d5e00000,0x00000000d5e00000,0x00000000d5f80000)
 ParOldGen       total 534528K, used 534324K [0x0000000080000000, 0x00000000a0a00000, 0x00000000d5580000)
  object space 534528K, 99% used [0x0000000080000000,0x00000000a09cd1f0,0x00000000a0a00000)
 Metaspace       used 73615K, committed 75200K, reserved 1179648K
  class space    used 7685K, committed 8384K, reserved 1048576K
}
Event: 118.059 GC heap before
{Heap before GC invocations=341 (full 3):
 PSYoungGen      total 8192K, used 7999K [0x00000000d5580000, 0x00000000d5f80000, 0x0000000100000000)
  eden space 7168K, 99% used [0x00000000d5580000,0x00000000d5c7ffb0,0x00000000d5c80000)
  from space 1024K, 81% used [0x00000000d5c80000,0x00000000d5d50000,0x00000000d5d80000)
  to   space 1536K, 0% used [0x00000000d5e00000,0x00000000d5e00000,0x00000000d5f80000)
 ParOldGen       total 534528K, used 534324K [0x0000000080000000, 0x00000000a0a00000, 0x00000000d5580000)
  object space 534528K, 99% used [0x0000000080000000,0x00000000a09cd1f0,0x00000000a0a00000)
 Metaspace       used 73674K, committed 75264K, reserved 1179648K
  class space    used 7691K, committed 8384K, reserved 1048576K
}
Event: 119.069 GC heap after
{Heap after GC invocations=341 (full 3):
 PSYoungGen      total 8192K, used 762K [0x00000000d5580000, 0x00000000d5f00000, 0x0000000100000000)
  eden space 7168K, 0% used [0x00000000d5580000,0x00000000d5580000,0x00000000d5c80000)
  from space 1024K, 74% used [0x00000000d5e00000,0x00000000d5ebe900,0x00000000d5f00000)
  to   space 1024K, 0% used [0x00000000d5c80000,0x00000000d5c80000,0x00000000d5d80000)
 ParOldGen       total 535552K, used 535052K [0x0000000080000000, 0x00000000a0b00000, 0x00000000d5580000)
  object space 535552K, 99% used [0x0000000080000000,0x00000000a0a83210,0x00000000a0b00000)
 Metaspace       used 73674K, committed 75264K, reserved 1179648K
  class space    used 7691K, committed 8384K, reserved 1048576K
}

Dll operation events (10 events):
Event: 0.012 Loaded shared library c:\Users\nisha\.vscode\extensions\redhat.java-1.51.0-win32-x64\jre\21.0.9-win32-x86_64\bin\java.dll
Event: 0.073 Loaded shared library c:\Users\nisha\.vscode\extensions\redhat.java-1.51.0-win32-x64\jre\21.0.9-win32-x86_64\bin\zip.dll
Event: 0.090 Loaded shared library C:\Users\nisha\.vscode\extensions\redhat.java-1.51.0-win32-x64\jre\21.0.9-win32-x86_64\bin\instrument.dll
Event: 0.095 Loaded shared library C:\Users\nisha\.vscode\extensions\redhat.java-1.51.0-win32-x64\jre\21.0.9-win32-x86_64\bin\net.dll
Event: 0.097 Loaded shared library C:\Users\nisha\.vscode\extensions\redhat.java-1.51.0-win32-x64\jre\21.0.9-win32-x86_64\bin\nio.dll
Event: 0.100 Loaded shared library C:\Users\nisha\.vscode\extensions\redhat.java-1.51.0-win32-x64\jre\21.0.9-win32-x86_64\bin\zip.dll
Event: 0.114 Loaded shared library C:\Users\nisha\.vscode\extensions\redhat.java-1.51.0-win32-x64\jre\21.0.9-win32-x86_64\bin\jimage.dll
Event: 0.173 Loaded shared library c:\Users\nisha\.vscode\extensions\redhat.java-1.51.0-win32-x64\jre\21.0.9-win32-x86_64\bin\verify.dll
Event: 1.126 Loaded shared library C:\Users\nisha\AppData\Roaming\Code\User\globalStorage\redhat.java\1.51.0\config_win\org.eclipse.equinox.launcher\org.eclipse.equinox.launcher.win32.win32.x86_64_1.2.1400.v20250801-0854\eclipse_11916.dll
Event: 3.854 Loaded shared library C:\Users\nisha\AppData\Local\Temp\jna-104829201\jna12375308427320253430.dll

Deoptimization events (20 events):
Event: 113.722 Thread 0x000002a3698f95a0 DEOPT PACKING pc=0x000002a35b65acb0 sp=0x000000badb8fde20
Event: 113.722 Thread 0x000002a3698f95a0 DEOPT UNPACKING pc=0x000002a35abf3aa2 sp=0x000000badb8fdcf0 mode 2
Event: 114.097 Thread 0x000002a3699b9a00 DEOPT PACKING pc=0x000002a355117b62 sp=0x000000bad9afe2f0
Event: 114.097 Thread 0x000002a3699b9a00 DEOPT UNPACKING pc=0x000002a35abf4242 sp=0x000000bad9afd808 mode 0
Event: 114.097 Thread 0x000002a3699b9a00 Uncommon trap: trap_request=0xffffff76 fr.pc=0x000002a35bb1a30c relative=0x000000000000042c
Event: 114.097 Thread 0x000002a3699b9a00 Uncommon trap: reason=predicate action=maybe_recompile pc=0x000002a35bb1a30c method=org.eclipse.jdt.internal.compiler.parser.Scanner.checkTaskTag(II)V @ 203 c2
Event: 114.098 Thread 0x000002a3699b9a00 DEOPT PACKING pc=0x000002a35bb1a30c sp=0x000000bad9afe3b0
Event: 114.098 Thread 0x000002a3699b9a00 DEOPT UNPACKING pc=0x000002a35abf3aa2 sp=0x000000bad9afe2f0 mode 2
Event: 114.147 Thread 0x000002a3699b9a00 DEOPT PACKING pc=0x000002a354d179d6 sp=0x000000bad9afdc60
Event: 114.147 Thread 0x000002a3699b9a00 DEOPT UNPACKING pc=0x000002a35abf4242 sp=0x000000bad9afd240 mode 0
Event: 114.663 Thread 0x000002a3699be8c0 Uncommon trap: trap_request=0xffffff45 fr.pc=0x000002a35ba0f920 relative=0x0000000000002cc0
Event: 114.663 Thread 0x000002a3699be8c0 Uncommon trap: reason=unstable_if action=reinterpret pc=0x000002a35ba0f920 method=org.eclipse.jdt.internal.core.index.DiskIndex.readStreamDocumentArray(Ljava/io/InputStream;I)[I @ 60 c2
Event: 114.663 Thread 0x000002a3699be8c0 DEOPT PACKING pc=0x000002a35ba0f920 sp=0x000000bad9dfec70
Event: 114.663 Thread 0x000002a3699be8c0 DEOPT UNPACKING pc=0x000002a35abf3aa2 sp=0x000000bad9dfeb70 mode 2
Event: 114.812 Thread 0x000002a3699b9a00 DEOPT PACKING pc=0x000002a3552a7ba2 sp=0x000000bad9afdc90
Event: 114.812 Thread 0x000002a3699b9a00 DEOPT UNPACKING pc=0x000002a35abf4242 sp=0x000000bad9afd1a0 mode 0
Event: 114.813 Thread 0x000002a3699b9a00 DEOPT PACKING pc=0x000002a3552a7ba2 sp=0x000000bad9afdb00
Event: 114.813 Thread 0x000002a3699b9a00 DEOPT UNPACKING pc=0x000002a35abf4242 sp=0x000000bad9afd010 mode 0
Event: 114.831 Thread 0x000002a3699b9a00 DEOPT PACKING pc=0x000002a3552a7bc3 sp=0x000000bad9afda00
Event: 114.831 Thread 0x000002a3699b9a00 DEOPT UNPACKING pc=0x000002a35abf4242 sp=0x000000bad9afcf10 mode 0

Classes loaded (20 events):
Event: 30.998 Loading class sun/util/resources/TimeZoneNames_en
Event: 30.998 Loading class sun/util/resources/TimeZoneNames_en done
Event: 31.799 Loading class jdk/internal/module/IllegalAccessLogger
Event: 31.799 Loading class jdk/internal/module/IllegalAccessLogger done
Event: 99.457 Loading class java/util/stream/ReferencePipeline$4
Event: 99.458 Loading class java/util/stream/ReferencePipeline$4 done
Event: 99.458 Loading class java/util/stream/Nodes$IntFixedNodeBuilder
Event: 99.458 Loading class java/util/stream/Node$Builder$OfInt
Event: 99.458 Loading class java/util/stream/Node$Builder$OfInt done
Event: 99.458 Loading class java/util/stream/Nodes$IntArrayNode
Event: 99.458 Loading class java/util/stream/Nodes$IntArrayNode done
Event: 99.458 Loading class java/util/stream/Nodes$IntFixedNodeBuilder done
Event: 99.458 Loading class java/util/stream/ReferencePipeline$4$1
Event: 99.458 Loading class java/util/stream/ReferencePipeline$4$1 done
Event: 106.165 Loading class jdk/internal/module/IllegalAccessLogger
Event: 106.165 Loading class jdk/internal/module/IllegalAccessLogger done
Event: 110.937 Loading class jdk/internal/module/IllegalAccessLogger
Event: 110.937 Loading class jdk/internal/module/IllegalAccessLogger done
Event: 114.763 Loading class jdk/internal/module/IllegalAccessLogger
Event: 114.763 Loading class jdk/internal/module/IllegalAccessLogger done

Classes unloaded (7 events):
Event: 4.925 Thread 0x000002a3505129a0 Unloading class 0x000002a3011ac800 'java/lang/invoke/LambdaForm$MH+0x000002a3011ac800'
Event: 4.925 Thread 0x000002a3505129a0 Unloading class 0x000002a3011ac400 'java/lang/invoke/LambdaForm$MH+0x000002a3011ac400'
Event: 4.925 Thread 0x000002a3505129a0 Unloading class 0x000002a3011ac000 'java/lang/invoke/LambdaForm$MH+0x000002a3011ac000'
Event: 4.925 Thread 0x000002a3505129a0 Unloading class 0x000002a3011abc00 'java/lang/invoke/LambdaForm$MH+0x000002a3011abc00'
Event: 4.925 Thread 0x000002a3505129a0 Unloading class 0x000002a3011ab800 'java/lang/invoke/LambdaForm$BMH+0x000002a3011ab800'
Event: 4.925 Thread 0x000002a3505129a0 Unloading class 0x000002a3011ab400 'java/lang/invoke/LambdaForm$DMH+0x000002a3011ab400'
Event: 4.925 Thread 0x000002a3505129a0 Unloading class 0x000002a3011aa000 'java/lang/invoke/LambdaForm$DMH+0x000002a3011aa000'

Classes redefined (0 events):
No events

Internal exceptions (20 events):
Event: 21.313 Thread 0x000002a3698f74d0 Exception <a 'java/lang/NoSuchMethodError'{0x00000000d56d1870}: 'java.lang.Object java.lang.invoke.DirectMethodHandle$Holder.invokeStatic(java.lang.Object, java.lang.Object, int, java.lang.Object)'> (0x00000000d56d1870) 
thrown [s\src\hotspot\share\interpreter\linkResolver.cpp, line 773]
Event: 21.391 Thread 0x000002a3699be8c0 Exception <a 'sun/nio/fs/WindowsException'{0x00000000d5895880}> (0x00000000d5895880) 
thrown [s\src\hotspot\share\prims\jni.cpp, line 520]
Event: 21.586 Thread 0x000002a3699be8c0 Exception <a 'sun/nio/fs/WindowsException'{0x00000000d56099c0}> (0x00000000d56099c0) 
thrown [s\src\hotspot\share\prims\jni.cpp, line 520]
Event: 26.478 Thread 0x000002a36f9c32a0 Exception <a 'java/lang/NoSuchMethodError'{0x00000000d578b2e8}: 'java.lang.Object java.lang.invoke.DirectMethodHandle$Holder.invokeStaticInit(java.lang.Object, java.lang.Object, java.lang.Object)'> (0x00000000d578b2e8) 
thrown [s\src\hotspot\share\interpreter\linkResolver.cpp, line 773]
Event: 26.484 Thread 0x000002a36f9c32a0 Exception <a 'java/lang/NoSuchMethodError'{0x00000000d5800bd0}: 'int java.lang.invoke.DirectMethodHandle$Holder.invokeStaticInit(java.lang.Object, int)'> (0x00000000d5800bd0) 
thrown [s\src\hotspot\share\interpreter\linkResolver.cpp, line 773]
Event: 29.756 Thread 0x000002a3699be8c0 Exception <a 'sun/nio/fs/WindowsException'{0x00000000d56dbc90}> (0x00000000d56dbc90) 
thrown [s\src\hotspot\share\prims\jni.cpp, line 520]
Event: 29.935 Thread 0x000002a3699be8c0 Exception <a 'sun/nio/fs/WindowsException'{0x00000000d561c628}> (0x00000000d561c628) 
thrown [s\src\hotspot\share\prims\jni.cpp, line 520]
Event: 30.950 Thread 0x000002a3505221e0 Implicit null exception at 0x000002a35b684ab5 to 0x000002a35b684e08
Event: 31.683 Thread 0x000002a3699be8c0 Exception <a 'sun/nio/fs/WindowsException'{0x00000000d57208c8}> (0x00000000d57208c8) 
thrown [s\src\hotspot\share\prims\jni.cpp, line 520]
Event: 31.852 Thread 0x000002a3699be8c0 Exception <a 'sun/nio/fs/WindowsException'{0x00000000d55eb138}> (0x00000000d55eb138) 
thrown [s\src\hotspot\share\prims\jni.cpp, line 520]
Event: 99.333 Thread 0x000002a36f9c32a0 Exception <a 'java/lang/NoSuchMethodError'{0x00000000d56667f8}: 'java.lang.Object java.lang.invoke.DirectMethodHandle$Holder.newInvokeSpecial(java.lang.Object, java.lang.Object, int, java.lang.Object, java.lang.Object, java.lang.Object, java.lang.Object)'> (0x00000000d56667f8) 
thrown [s\src\hotspot\share\interpreter\linkResolver.cpp, line 773]
Event: 99.350 Thread 0x000002a36f9c2580 Implicit null exception at 0x000002a35b7d755a to 0x000002a35b7d75b3
Event: 100.068 Thread 0x000002a36f9c32a0 Implicit null exception at 0x000002a35b892763 to 0x000002a35b89342c
Event: 106.065 Thread 0x000002a3699be8c0 Exception <a 'sun/nio/fs/WindowsException'{0x00000000d5585880}> (0x00000000d5585880) 
thrown [s\src\hotspot\share\prims\jni.cpp, line 520]
Event: 106.239 Thread 0x000002a3699be8c0 Exception <a 'sun/nio/fs/WindowsException'{0x00000000d55b6d18}> (0x00000000d55b6d18) 
thrown [s\src\hotspot\share\prims\jni.cpp, line 520]
Event: 110.818 Thread 0x000002a3699be8c0 Exception <a 'sun/nio/fs/WindowsException'{0x00000000d5677e08}> (0x00000000d5677e08) 
thrown [s\src\hotspot\share\prims\jni.cpp, line 520]
Event: 110.949 Thread 0x000002a3699be8c0 Exception <a 'sun/nio/fs/WindowsException'{0x00000000d55a9740}> (0x00000000d55a9740) 
thrown [s\src\hotspot\share\prims\jni.cpp, line 520]
Event: 112.167 Thread 0x000002a3698f7b60 Exception <a 'java/lang/NoSuchMethodError'{0x00000000d55dfb98}: 'int java.lang.invoke.DirectMethodHandle$Holder.invokeVirtual(java.lang.Object, java.lang.Object, java.lang.Object, int)'> (0x00000000d55dfb98) 
thrown [s\src\hotspot\share\interpreter\linkResolver.cpp, line 773]
Event: 114.658 Thread 0x000002a3699be8c0 Exception <a 'sun/nio/fs/WindowsException'{0x00000000d56892d8}> (0x00000000d56892d8) 
thrown [s\src\hotspot\share\prims\jni.cpp, line 520]
Event: 114.815 Thread 0x000002a3699be8c0 Exception <a 'sun/nio/fs/WindowsException'{0x00000000d56cf870}> (0x00000000d56cf870) 
thrown [s\src\hotspot\share\prims\jni.cpp, line 520]

ZGC Phase Switch (0 events):
No events

VM Operations (20 events):
Event: 114.757 Executing VM operation: ParallelGCFailedAllocation (Allocation Failure)
Event: 114.761 Executing VM operation: ParallelGCFailedAllocation (Allocation Failure) done
Event: 114.770 Executing VM operation: ParallelGCFailedAllocation (Allocation Failure)
Event: 114.773 Executing VM operation: ParallelGCFailedAllocation (Allocation Failure) done
Event: 115.063 Executing VM operation: ParallelGCFailedAllocation (Allocation Failure)
Event: 115.066 Executing VM operation: ParallelGCFailedAllocation (Allocation Failure) done
Event: 115.086 Executing VM operation: ParallelGCFailedAllocation (Allocation Failure)
Event: 115.089 Executing VM operation: ParallelGCFailedAllocation (Allocation Failure) done
Event: 115.368 Executing VM operation: ParallelGCFailedAllocation (Allocation Failure)
Event: 115.370 Executing VM operation: ParallelGCFailedAllocation (Allocation Failure) done
Event: 115.400 Executing VM operation: ParallelGCFailedAllocation (Allocation Failure)
Event: 115.402 Executing VM operation: ParallelGCFailedAllocation (Allocation Failure) done
Event: 116.830 Executing VM operation: ParallelGCFailedAllocation (Allocation Failure)
Event: 116.832 Executing VM operation: ParallelGCFailedAllocation (Allocation Failure) done
Event: 116.926 Executing VM operation: ParallelGCFailedAllocation (Allocation Failure)
Event: 116.928 Executing VM operation: ParallelGCFailedAllocation (Allocation Failure) done
Event: 117.933 Executing VM operation: Cleanup
Event: 118.044 Executing VM operation: Cleanup done
Event: 118.059 Executing VM operation: ParallelGCFailedAllocation (Allocation Failure)
Event: 119.069 Executing VM operation: ParallelGCFailedAllocation (Allocation Failure) done

Memory protections (0 events):
No events

Nmethod flushes (20 events):
Event: 11.957 Thread 0x000002a3505129a0 flushing  nmethod 0x000002a354075490
Event: 11.957 Thread 0x000002a3505129a0 flushing  nmethod 0x000002a354075d10
Event: 11.957 Thread 0x000002a3505129a0 flushing  nmethod 0x000002a354077210
Event: 11.957 Thread 0x000002a3505129a0 flushing  nmethod 0x000002a354085210
Event: 11.957 Thread 0x000002a3505129a0 flushing  nmethod 0x000002a354086810
Event: 11.957 Thread 0x000002a3505129a0 flushing  nmethod 0x000002a354087810
Event: 11.957 Thread 0x000002a3505129a0 flushing  nmethod 0x000002a354087c90
Event: 11.957 Thread 0x000002a3505129a0 flushing  nmethod 0x000002a354088090
Event: 11.957 Thread 0x000002a3505129a0 flushing  nmethod 0x000002a354088690
Event: 11.957 Thread 0x000002a3505129a0 flushing  nmethod 0x000002a354088e10
Event: 11.957 Thread 0x000002a3505129a0 flushing  nmethod 0x000002a354089290
Event: 11.957 Thread 0x000002a3505129a0 flushing  nmethod 0x000002a35408fe10
Event: 11.957 Thread 0x000002a3505129a0 flushing  nmethod 0x000002a354090390
Event: 11.957 Thread 0x000002a3505129a0 flushing  nmethod 0x000002a354093a90
Event: 11.957 Thread 0x000002a3505129a0 flushing  nmethod 0x000002a354097a90
Event: 11.957 Thread 0x000002a3505129a0 flushing  nmethod 0x000002a354099d10
Event: 11.957 Thread 0x000002a3505129a0 flushing  nmethod 0x000002a35409a110
Event: 11.957 Thread 0x000002a3505129a0 flushing  nmethod 0x000002a3540c5690
Event: 11.957 Thread 0x000002a3505129a0 flushing  nmethod 0x000002a3540e6310
Event: 11.957 Thread 0x000002a3505129a0 flushing  nmethod 0x000002a3540e7310

Events (20 events):
Event: 106.072 Thread 0x000002a3682a3d70 Thread added: 0x000002a3696ae3d0
Event: 106.166 Thread 0x000002a3699bf5e0 Thread added: 0x000002a3699bdba0
Event: 106.352 Thread 0x000002a3696ae3d0 Thread exited: 0x000002a3696ae3d0
Event: 106.411 Thread 0x000002a3696aeaa0 Thread exited: 0x000002a3696aeaa0
Event: 106.846 Thread 0x000002a3682a3d70 Thread added: 0x000002a3722ddc80
Event: 108.349 Thread 0x000002a3722ddc80 Thread exited: 0x000002a3722ddc80
Event: 109.955 Thread 0x000002a3682a3d70 Thread added: 0x000002a3722ddc80
Event: 110.328 Thread 0x000002a3722ddc80 Thread exited: 0x000002a3722ddc80
Event: 110.381 Thread 0x000002a3682a3d70 Thread added: 0x000002a3722ddc80
Event: 110.832 Thread 0x000002a3722ddc80 Thread exited: 0x000002a3722ddc80
Event: 110.944 Thread 0x000002a3682a3d70 Thread added: 0x000002a3722ddc80
Event: 111.154 Thread 0x000002a3722ddc80 Thread exited: 0x000002a3722ddc80
Event: 111.348 Thread 0x000002a3682a3d70 Thread added: 0x000002a36f671250
Event: 111.358 Thread 0x000002a36f671250 Thread added: 0x000002a370761b80
Event: 111.878 Thread 0x000002a370761b80 Thread exited: 0x000002a370761b80
Event: 111.878 Thread 0x000002a36f671250 Thread exited: 0x000002a36f671250
Event: 113.722 Thread 0x000002a3682a3d70 Thread added: 0x000002a371f44dd0
Event: 114.376 Thread 0x000002a371f44dd0 Thread exited: 0x000002a371f44dd0
Event: 116.855 Thread 0x000002a3682a3d70 Thread added: 0x000002a3722de350
Event: 118.044 Thread 0x000002a3722de350 Thread exited: 0x000002a3722de350


Dynamic libraries:
0x00007ff687f70000 - 0x00007ff687f7e000 	c:\Users\nisha\.vscode\extensions\redhat.java-1.51.0-win32-x64\jre\21.0.9-win32-x86_64\bin\java.exe
0x00007ffe5fce0000 - 0x00007ffe5ff47000 	C:\WINDOWS\SYSTEM32\ntdll.dll
0x00007ffe5e940000 - 0x00007ffe5ea09000 	C:\WINDOWS\System32\KERNEL32.DLL
0x00007ffe5cfa0000 - 0x00007ffe5d38f000 	C:\WINDOWS\System32\KERNELBASE.dll
0x00007ffe5d460000 - 0x00007ffe5d5ab000 	C:\WINDOWS\System32\ucrtbase.dll
0x00007ffe23220000 - 0x00007ffe23238000 	c:\Users\nisha\.vscode\extensions\redhat.java-1.51.0-win32-x64\jre\21.0.9-win32-x86_64\bin\jli.dll
0x00007ffe236d0000 - 0x00007ffe236ee000 	c:\Users\nisha\.vscode\extensions\redhat.java-1.51.0-win32-x64\jre\21.0.9-win32-x86_64\bin\VCRUNTIME140.dll
0x00007ffe5da80000 - 0x00007ffe5dc45000 	C:\WINDOWS\System32\USER32.dll
0x00007ffe5d430000 - 0x00007ffe5d457000 	C:\WINDOWS\System32\win32u.dll
0x00007ffe424c0000 - 0x00007ffe42753000 	C:\WINDOWS\WinSxS\amd64_microsoft.windows.common-controls_6595b64144ccf1df_6.0.26100.7309_none_3e05feeae336a044\COMCTL32.dll
0x00007ffe5f000000 - 0x00007ffe5f02b000 	C:\WINDOWS\System32\GDI32.dll
0x00007ffe5e730000 - 0x00007ffe5e7d9000 	C:\WINDOWS\System32\msvcrt.dll
0x00007ffe5d890000 - 0x00007ffe5d9bc000 	C:\WINDOWS\System32\gdi32full.dll
0x00007ffe5d5b0000 - 0x00007ffe5d653000 	C:\WINDOWS\System32\msvcp_win.dll
0x00007ffe5efc0000 - 0x00007ffe5eff1000 	C:\WINDOWS\System32\IMM32.DLL
0x00007ffe4add0000 - 0x00007ffe4addc000 	c:\Users\nisha\.vscode\extensions\redhat.java-1.51.0-win32-x64\jre\21.0.9-win32-x86_64\bin\vcruntime140_1.dll
0x00007ffde1c60000 - 0x00007ffde1ced000 	c:\Users\nisha\.vscode\extensions\redhat.java-1.51.0-win32-x64\jre\21.0.9-win32-x86_64\bin\msvcp140.dll
0x00007ffdac020000 - 0x00007ffdacdc0000 	c:\Users\nisha\.vscode\extensions\redhat.java-1.51.0-win32-x64\jre\21.0.9-win32-x86_64\bin\server\jvm.dll
0x00007ffe5df10000 - 0x00007ffe5dfc4000 	C:\WINDOWS\System32\ADVAPI32.dll
0x00007ffe5ea10000 - 0x00007ffe5eab6000 	C:\WINDOWS\System32\sechost.dll
0x00007ffe5f3c0000 - 0x00007ffe5f4d8000 	C:\WINDOWS\System32\RPCRT4.dll
0x00007ffe5e7e0000 - 0x00007ffe5e854000 	C:\WINDOWS\System32\WS2_32.dll
0x00007ffe5cc90000 - 0x00007ffe5ccee000 	C:\WINDOWS\SYSTEM32\POWRPROF.dll
0x00007ffe44270000 - 0x00007ffe4427b000 	C:\WINDOWS\SYSTEM32\VERSION.dll
0x00007ffe57690000 - 0x00007ffe576c5000 	C:\WINDOWS\SYSTEM32\WINMM.dll
0x00007ffe5cc70000 - 0x00007ffe5cc84000 	C:\WINDOWS\SYSTEM32\UMPDC.dll
0x00007ffe5bbb0000 - 0x00007ffe5bbcb000 	C:\WINDOWS\SYSTEM32\kernel.appcore.dll
0x00007ffe4a810000 - 0x00007ffe4a81a000 	c:\Users\nisha\.vscode\extensions\redhat.java-1.51.0-win32-x64\jre\21.0.9-win32-x86_64\bin\jimage.dll
0x00007ffe5a400000 - 0x00007ffe5a642000 	C:\WINDOWS\SYSTEM32\DBGHELP.DLL
0x00007ffe5ec30000 - 0x00007ffe5efb5000 	C:\WINDOWS\System32\combase.dll
0x00007ffe5e860000 - 0x00007ffe5e936000 	C:\WINDOWS\System32\OLEAUT32.dll
0x00007ffe430f0000 - 0x00007ffe4312c000 	C:\WINDOWS\SYSTEM32\dbgcore.DLL
0x00007ffe5d7e0000 - 0x00007ffe5d885000 	C:\WINDOWS\System32\bcryptPrimitives.dll
0x00007ffe59a80000 - 0x00007ffe59a8f000 	c:\Users\nisha\.vscode\extensions\redhat.java-1.51.0-win32-x64\jre\21.0.9-win32-x86_64\bin\instrument.dll
0x00007ffe21410000 - 0x00007ffe21430000 	c:\Users\nisha\.vscode\extensions\redhat.java-1.51.0-win32-x64\jre\21.0.9-win32-x86_64\bin\java.dll
0x00007ffe5f530000 - 0x00007ffe5fc83000 	C:\WINDOWS\System32\SHELL32.dll
0x00007ffe5ce30000 - 0x00007ffe5cf9a000 	C:\WINDOWS\System32\wintypes.dll
0x00007ffe5a9f0000 - 0x00007ffe5b24e000 	C:\WINDOWS\SYSTEM32\windows.storage.dll
0x00007ffe5eac0000 - 0x00007ffe5ebb5000 	C:\WINDOWS\System32\SHCORE.dll
0x00007ffe5ebc0000 - 0x00007ffe5ec26000 	C:\WINDOWS\System32\shlwapi.dll
0x00007ffe5cd50000 - 0x00007ffe5cd79000 	C:\WINDOWS\SYSTEM32\profapi.dll
0x00007ffe213f0000 - 0x00007ffe21408000 	c:\Users\nisha\.vscode\extensions\redhat.java-1.51.0-win32-x64\jre\21.0.9-win32-x86_64\bin\zip.dll
0x00007ffe59a70000 - 0x00007ffe59a80000 	C:\Users\nisha\.vscode\extensions\redhat.java-1.51.0-win32-x64\jre\21.0.9-win32-x86_64\bin\net.dll
0x00007ffe4b2a0000 - 0x00007ffe4b3c8000 	C:\WINDOWS\SYSTEM32\WINHTTP.dll
0x00007ffe5c100000 - 0x00007ffe5c16b000 	C:\WINDOWS\system32\mswsock.dll
0x00007ffe54a80000 - 0x00007ffe54a96000 	C:\Users\nisha\.vscode\extensions\redhat.java-1.51.0-win32-x64\jre\21.0.9-win32-x86_64\bin\nio.dll
0x00007ffe599a0000 - 0x00007ffe599b0000 	c:\Users\nisha\.vscode\extensions\redhat.java-1.51.0-win32-x64\jre\21.0.9-win32-x86_64\bin\verify.dll
0x00007ffe4aa60000 - 0x00007ffe4aaa4000 	C:\Users\nisha\AppData\Roaming\Code\User\globalStorage\redhat.java\1.51.0\config_win\org.eclipse.equinox.launcher\org.eclipse.equinox.launcher.win32.win32.x86_64_1.2.1400.v20250801-0854\eclipse_11916.dll
0x00007ffe5e0d0000 - 0x00007ffe5e267000 	C:\WINDOWS\System32\ole32.dll
0x00007ffe5c3a0000 - 0x00007ffe5c3bb000 	C:\WINDOWS\SYSTEM32\CRYPTSP.dll
0x00007ffe5bb10000 - 0x00007ffe5bb4a000 	C:\WINDOWS\system32\rsaenh.dll
0x00007ffe5c1b0000 - 0x00007ffe5c1db000 	C:\WINDOWS\SYSTEM32\USERENV.dll
0x00007ffe5cd20000 - 0x00007ffe5cd4a000 	C:\WINDOWS\SYSTEM32\bcrypt.dll
0x00007ffe5c390000 - 0x00007ffe5c39c000 	C:\WINDOWS\SYSTEM32\CRYPTBASE.dll
0x00007ffe5b650000 - 0x00007ffe5b684000 	C:\WINDOWS\SYSTEM32\IPHLPAPI.DLL
0x00007ffe5fc90000 - 0x00007ffe5fc9a000 	C:\WINDOWS\System32\NSI.dll
0x00007ffe47290000 - 0x00007ffe472d9000 	C:\Users\nisha\AppData\Local\Temp\jna-104829201\jna12375308427320253430.dll
0x00007ffe5dee0000 - 0x00007ffe5dee8000 	C:\WINDOWS\System32\PSAPI.DLL
0x00007ffe4c300000 - 0x00007ffe4c31e000 	C:\WINDOWS\SYSTEM32\dhcpcsvc6.DLL
0x00007ffe4c260000 - 0x00007ffe4c283000 	C:\WINDOWS\SYSTEM32\dhcpcsvc.DLL

JVMTI agents:
c:\Users\nisha\.vscode\extensions\redhat.java-1.51.0-win32-x64\lombok\lombok-1.18.39-4050.jar path:c:\Users\nisha\.vscode\extensions\redhat.java-1.51.0-win32-x64\jre\21.0.9-win32-x86_64\bin\instrument.dll, loaded, initialized, instrumentlib options:none

dbghelp: loaded successfully - version: 4.0.5 - missing functions: none
symbol engine: initialized successfully - sym options: 0x614 - pdb path: .;c:\Users\nisha\.vscode\extensions\redhat.java-1.51.0-win32-x64\jre\21.0.9-win32-x86_64\bin;C:\WINDOWS\SYSTEM32;C:\WINDOWS\WinSxS\amd64_microsoft.windows.common-controls_6595b64144ccf1df_6.0.26100.7309_none_3e05feeae336a044;c:\Users\nisha\.vscode\extensions\redhat.java-1.51.0-win32-x64\jre\21.0.9-win32-x86_64\bin\server;C:\Users\nisha\AppData\Roaming\Code\User\globalStorage\redhat.java\1.51.0\config_win\org.eclipse.equinox.launcher\org.eclipse.equinox.launcher.win32.win32.x86_64_1.2.1400.v20250801-0854;C:\Users\nisha\AppData\Local\Temp\jna-104829201

VM Arguments:
jvm_args: --add-modules=ALL-SYSTEM --add-opens=java.base/java.util=ALL-UNNAMED --add-opens=java.base/java.lang=ALL-UNNAMED --add-opens=java.base/sun.nio.fs=ALL-UNNAMED -Declipse.application=org.eclipse.jdt.ls.core.id1 -Dosgi.bundles.defaultStartLevel=4 -Declipse.product=org.eclipse.jdt.ls.core.product -Djava.import.generatesMetadataFilesAtProjectRoot=false -DDetectVMInstallationsJob.disabled=true -Dfile.encoding=utf8 -XX:+UseParallelGC -XX:GCTimeRatio=4 -XX:AdaptiveSizePolicyWeight=90 -Dsun.zip.disableMemoryMapping=true -Xmx2G -Xms100m -Xlog:disable -javaagent:c:\Users\nisha\.vscode\extensions\redhat.java-1.51.0-win32-x64\lombok\lombok-1.18.39-4050.jar -XX:+HeapDumpOnOutOfMemoryError -XX:HeapDumpPath=c:\Users\nisha\AppData\Roaming\Code\User\workspaceStorage\29b588d7d2db7f92f777d4651a016ce0\redhat.java -Daether.dependencyCollector.impl=bf 
java_command: c:\Users\nisha\.vscode\extensions\redhat.java-1.51.0-win32-x64\server\plugins\org.eclipse.equinox.launcher_1.7.100.v20251111-0406.jar -configuration c:\Users\nisha\AppData\Roaming\Code\User\globalStorage\redhat.java\1.51.0\config_win -data c:\Users\nisha\AppData\Roaming\Code\User\workspaceStorage\29b588d7d2db7f92f777d4651a016ce0\redhat.java\jdt_ws --pipe=\\.\pipe\lsp-58ca150b46375566c02a6c52a2047780-sock
java_class_path (initial): c:\Users\nisha\.vscode\extensions\redhat.java-1.51.0-win32-x64\server\plugins\org.eclipse.equinox.launcher_1.7.100.v20251111-0406.jar
Launcher Type: SUN_STANDARD

[Global flags]
    uintx AdaptiveSizePolicyWeight                 = 90                                        {product} {command line}
     intx CICompilerCount                          = 4                                         {product} {ergonomic}
    uintx GCTimeRatio                              = 4                                         {product} {command line}
     bool HeapDumpOnOutOfMemoryError               = true                                   {manageable} {command line}
    ccstr HeapDumpPath                             = c:\Users\nisha\AppData\Roaming\Code\User\workspaceStorage\29b588d7d2db7f92f777d4651a016ce0\redhat.java         {manageable} {command line}
   size_t InitialHeapSize                          = 104857600                                 {product} {command line}
   size_t MaxHeapSize                              = 2147483648                                {product} {command line}
   size_t MaxNewSize                               = 715653120                                 {product} {ergonomic}
   size_t MinHeapDeltaBytes                        = 524288                                    {product} {ergonomic}
   size_t MinHeapSize                              = 104857600                                 {product} {command line}
   size_t NewSize                                  = 34603008                                  {product} {ergonomic}
    uintx NonNMethodCodeHeapSize                   = 5839372                                {pd product} {ergonomic}
    uintx NonProfiledCodeHeapSize                  = 122909434                              {pd product} {ergonomic}
   size_t OldSize                                  = 70254592                                  {product} {ergonomic}
    uintx ProfiledCodeHeapSize                     = 122909434                              {pd product} {ergonomic}
    uintx ReservedCodeCacheSize                    = 251658240                              {pd product} {ergonomic}
     bool SegmentedCodeCache                       = true                                      {product} {ergonomic}
   size_t SoftMaxHeapSize                          = 2147483648                             {manageable} {ergonomic}
     bool UseCompressedOops                        = true                           {product lp64_product} {ergonomic}
     bool UseLargePagesIndividualAllocation        = false                                  {pd product} {ergonomic}
     bool UseParallelGC                            = true                                      {product} {command line}

Logging:
Log output configuration:
 #0: stdout all=off uptime,level,tags foldmultilines=false
 #1: stderr all=off uptime,level,tags foldmultilines=false

Release file:
JAVA_VERSION="21.0.9" 
MODULES="java.base java.compiler java.datatransfer java.xml java.prefs java.desktop java.instrument java.logging java.management java.security.sasl java.naming java.rmi java.management.rmi java.net.http java.scripting java.security.jgss java.transaction.xa java.sql java.sql.rowset java.xml.crypto java.se java.smartcardio jdk.accessibility jdk.internal.jvmstat jdk.attach jdk.charsets jdk.internal.opt jdk.zipfs jdk.compiler jdk.crypto.ec jdk.crypto.cryptoki jdk.crypto.mscapi jdk.dynalink jdk.internal.ed jdk.editpad jdk.hotspot.agent jdk.httpserver jdk.internal.le jdk.internal.vm.ci jdk.internal.vm.compiler jdk.internal.vm.compiler.management jdk.jartool jdk.javadoc jdk.jcmd jdk.management jdk.management.agent jdk.jconsole jdk.jdeps jdk.jdwp.agent jdk.jdi jdk.jfr jdk.jshell jdk.jsobject jdk.jstatd jdk.localedata jdk.management.jfr jdk.naming.dns jdk.naming.rmi jdk.net jdk.nio.mapmode jdk.random jdk.sctp jdk.security.auth jdk.security.jgss jdk.unsupported jdk.unsupported.desktop jdk.xml.dom" 

Environment Variables:
PATH=C:\Program Files\Eclipse Adoptium\jdk-17.0.17.10-hotspot\bin;C:\Program Files\Python310\Scripts\;C:\Program Files\Python310\;C:\Program Files\Common Files\Oracle\Java\javapath;C:\Program Files (x86)\Common Files\Oracle\Java\java8path;C:\Program Files (x86)\Common Files\Oracle\Java\javapath;C:\WINDOWS\system32;C:\WINDOWS;C:\WINDOWS\System32\Wbem;C:\WINDOWS\System32\WindowsPowerShell\v1.0\;C:\WINDOWS\System32\OpenSSH\;C:\Program Files\dotnet\;C:\MinGW\bin;C:\Users\nisha\AppData\Local\Muse Hub\lib;C:\Program Files\MySQL\MySQL Server 8.0\bin;C:\Program Files\Tesseract-OCR;C:\Users\nisha\AppData\Roaming\Python\Python310\Scripts;C:\Program Files\Git\cmd;C:\xampp\php;C:\Program Files\nodejs\;C:\ProgramData\chocolatey\bin;C:\Program Files\MySQL\MySQL Shell 8.0\bin\;C:\Users\nisha\AppData\Local\Microsoft\WindowsApps;;C:\Program Files\JetBrains\IntelliJ IDEA Community Edition 2024.3.1.1\bin;;C:\Users\nisha\AppData\Local\Muse Hub\lib;C:\Users\nisha\AppData\Local\Programs\Microsoft VS Code\bin;C:\Users\nisha\AppData\Local\Programs\cursor\resources\app\bin;C:\Users\nisha\AppData\Roaming\npm
USERNAME=nisha
OS=Windows_NT
PROCESSOR_IDENTIFIER=Intel64 Family 6 Model 154 Stepping 3, GenuineIntel
TMP=C:\Users\nisha\AppData\Local\Temp
TEMP=C:\Users\nisha\AppData\Local\Temp




Periodic native trim disabled

---------------  S Y S T E M  ---------------

OS:
 Windows 11 , 64 bit Build 26100 (10.0.26100.7309)
OS uptime: 0 days 1:40 hours
Hyper-V role detected

CPU: total 12 (initial active 12) (6 cores per cpu, 2 threads per core) family 6 model 154 stepping 3 microcode 0x429, cx8, cmov, fxsr, ht, mmx, 3dnowpref, sse, sse2, sse3, ssse3, sse4.1, sse4.2, popcnt, lzcnt, tsc, tscinvbit, avx, avx2, aes, erms, clmul, bmi1, bmi2, adx, sha, fma, vzeroupper, clflush, clflushopt, clwb, hv, serialize, rdtscp, rdpid, fsrm, f16c, cet_ibt, cet_ss
Processor Information for processor 0
  Max Mhz: 2000, Current Mhz: 2000, Mhz Limit: 2000
Processor Information for processor 1
  Max Mhz: 2000, Current Mhz: 2000, Mhz Limit: 2000
Processor Information for processor 2
  Max Mhz: 2000, Current Mhz: 2000, Mhz Limit: 2000
Processor Information for processor 3
  Max Mhz: 2000, Current Mhz: 2000, Mhz Limit: 2000
Processor Information for processor 4
  Max Mhz: 2000, Current Mhz: 2000, Mhz Limit: 2000
Processor Information for processor 5
  Max Mhz: 2000, Current Mhz: 2000, Mhz Limit: 2000
Processor Information for processor 6
  Max Mhz: 2000, Current Mhz: 2000, Mhz Limit: 2000
Processor Information for processor 7
  Max Mhz: 2000, Current Mhz: 2000, Mhz Limit: 2000
Processor Information for processor 8
  Max Mhz: 2000, Current Mhz: 1500, Mhz Limit: 1500
Processor Information for processor 9
  Max Mhz: 2000, Current Mhz: 1500, Mhz Limit: 1500
Processor Information for processor 10
  Max Mhz: 2000, Current Mhz: 1500, Mhz Limit: 1500
Processor Information for processor 11
  Max Mhz: 2000, Current Mhz: 1500, Mhz Limit: 1500

Memory: 4k page, system-wide physical 16076M (4611M free)
TotalPageFile size 16076M (AvailPageFile size 14M)
current process WorkingSet (physical memory assigned to process): 763M, peak: 798M
current process commit charge ("private bytes"): 834M, peak: 870M

vm_info: OpenJDK 64-Bit Server VM (21.0.9+10-LTS) for windows-amd64 JRE (21.0.9+10-LTS), built on 2025-10-21T00:00:00Z by "admin" with unknown MS VC++:1942

END.
